<?xml version="1.0" encoding="UTF-8" ?>
<testsuite tests="5000" failures="0" name="com.HiQ.sudokugenerator.SudokuGeneratorTest" time="3.198" errors="0" skipped="0">
  <properties>
[...]
</properties>
  <testcase classname="com.HiQ.sudokugenerator.SudokuGeneratorTest" name="testGenerateAndInValidateValidSudoku[0]" time="0.006"/>
  <testcase classname="com.HiQ.sudokugenerator.SudokuGeneratorTest" name="testGenerateAndValidateValidSudoku[0]" time="0"/>
  <testcase classname="com.HiQ.sudokugenerator.SudokuGeneratorTest" name="testGenerateaPlaybleEasySudoku[0]" time="0.001"/>
  <testcase classname="com.HiQ.sudokugenerator.SudokuGeneratorTest" name="testGenerateaPlaybleHardSudoku[0]" time="0"/>
  <testcase classname="com.HiQ.sudokugenerator.SudokuGeneratorTest" name="testGenerateaPlaybleMediumSudoku[0]" time="0"/>
  <testcase classname="com.HiQ.sudokugenerator.SudokuGeneratorTest" name="testGenerateAndInValidateValidSudoku[1]" time="0"/>
  <testcase classname="com.HiQ.sudokugenerator.SudokuGeneratorTest" name="testGenerateAndValidateValidSudoku[1]" time="0"/>
  <testcase classname="com.HiQ.sudokugenerator.SudokuGeneratorTest" name="testGenerateaPlaybleEasySudoku[1]" time="0"/>
  <testcase classname="com.HiQ.sudokugenerator.SudokuGeneratorTest" name="testGenerateaPlaybleHardSudoku[1]" time="0"/>
  <testcase classname="com.HiQ.sudokugenerator.SudokuGeneratorTest" name="testGenerateaPlaybleMediumSudoku[1]" time="0"/>
  <testcase classname="com.HiQ.sudokugenerator.SudokuGeneratorTest" name="testGenerateAndInValidateValidSudoku[2]" time="0"/>
  <testcase classname="com.HiQ.sudokugenerator.SudokuGeneratorTest" name="testGenerateAndValidateValidSudoku[2]" time="0"/>
  <testcase classname="com.HiQ.sudokugenerator.SudokuGeneratorTest" name="testGenerateaPlaybleEasySudoku[2]" time="0"/>
  <testcase classname="com.HiQ.sudokugenerator.SudokuGeneratorTest" name="testGenerateaPlaybleHardSudoku[2]" time="0.001"/>
  <testcase classname="com.HiQ.sudokugenerator.SudokuGeneratorTest" name="testGenerateaPlaybleMediumSudoku[2]" time="0"/>
  <testcase classname="com.HiQ.sudokugenerator.SudokuGeneratorTest" name="testGenerateAndInValidateValidSudoku[3]" time="0"/>
  <testcase classname="com.HiQ.sudokugenerator.SudokuGeneratorTest" name="testGenerateAndValidateValidSudoku[3]" time="0"/>
  <testcase classname="com.HiQ.sudokugenerator.SudokuGeneratorTest" name="testGenerateaPlaybleEasySudoku[3]" time="0"/>
  <testcase classname="com.HiQ.sudokugenerator.SudokuGeneratorTest" name="testGenerateaPlaybleHardSudoku[3]" time="0"/>
  <testcase classname="com.HiQ.sudokugenerator.SudokuGeneratorTest" name="testGenerateaPlaybleMediumSudoku[3]" time="0"/>
  <testcase classname="com.HiQ.sudokugenerator.SudokuGeneratorTest" name="testGenerateAndInValidateValidSudoku[4]" time="0"/>
  <testcase classname="com.HiQ.sudokugenerator.SudokuGeneratorTest" name="testGenerateAndValidateValidSudoku[4]" time="0"/>
  <testcase classname="com.HiQ.sudokugenerator.SudokuGeneratorTest" name="testGenerateaPlaybleEasySudoku[4]" time="0"/>
  <testcase classname="com.HiQ.sudokugenerator.SudokuGeneratorTest" name="testGenerateaPlaybleHardSudoku[4]" time="0"/>
  <testcase classname="com.HiQ.sudokugenerator.SudokuGeneratorTest" name="testGenerateaPlaybleMediumSudoku[4]" time="0"/>
  <testcase classname="com.HiQ.sudokugenerator.SudokuGeneratorTest" name="testGenerateAndInValidateValidSudoku[5]" time="0"/>
  <testcase classname="com.HiQ.sudokugenerator.SudokuGeneratorTest" name="testGenerateAndValidateValidSudoku[5]" time="0"/>
  <testcase classname="com.HiQ.sudokugenerator.SudokuGeneratorTest" name="testGenerateaPlaybleEasySudoku[5]" time="0"/>
  <testcase classname="com.HiQ.sudokugenerator.SudokuGeneratorTest" name="testGenerateaPlaybleHardSudoku[5]" time="0"/>
  <testcase classname="com.HiQ.sudokugenerator.SudokuGeneratorTest" name="testGenerateaPlaybleMediumSudoku[5]" time="0.001"/>
  <testcase classname="com.HiQ.sudokugenerator.SudokuGeneratorTest" name="testGenerateAndInValidateValidSudoku[6]" time="0"/>
  <testcase classname="com.HiQ.sudokugenerator.SudokuGeneratorTest" name="testGenerateAndValidateValidSudoku[6]" time="0"/>
  <testcase classname="com.HiQ.sudokugenerator.SudokuGeneratorTest" name="testGenerateaPlaybleEasySudoku[6]" time="0"/>
  <testcase classname="com.HiQ.sudokugenerator.SudokuGeneratorTest" name="testGenerateaPlaybleHardSudoku[6]" time="0"/>
  <testcase classname="com.HiQ.sudokugenerator.SudokuGeneratorTest" name="testGenerateaPlaybleMediumSudoku[6]" time="0"/>
  <testcase classname="com.HiQ.sudokugenerator.SudokuGeneratorTest" name="testGenerateAndInValidateValidSudoku[7]" time="0"/>
  <testcase classname="com.HiQ.sudokugenerator.SudokuGeneratorTest" name="testGenerateAndValidateValidSudoku[7]" time="0"/>
  <testcase classname="com.HiQ.sudokugenerator.SudokuGeneratorTest" name="testGenerateaPlaybleEasySudoku[7]" time="0"/>
  <testcase classname="com.HiQ.sudokugenerator.SudokuGeneratorTest" name="testGenerateaPlaybleHardSudoku[7]" time="0"/>
  <testcase classname="com.HiQ.sudokugenerator.SudokuGeneratorTest" name="testGenerateaPlaybleMediumSudoku[7]" time="0"/>
  <testcase classname="com.HiQ.sudokugenerator.SudokuGeneratorTest" name="testGenerateAndInValidateValidSudoku[8]" time="0"/>
  <testcase classname="com.HiQ.sudokugenerator.SudokuGeneratorTest" name="testGenerateAndValidateValidSudoku[8]" time="0"/>
  <testcase classname="com.HiQ.sudokugenerator.SudokuGeneratorTest" name="testGenerateaPlaybleEasySudoku[8]" time="0"/>
  <testcase classname="com.HiQ.sudokugenerator.SudokuGeneratorTest" name="testGenerateaPlaybleHardSudoku[8]" time="0"/>
  <testcase classname="com.HiQ.sudokugenerator.SudokuGeneratorTest" name="testGenerateaPlaybleMediumSudoku[8]" time="0"/>
  <testcase classname="com.HiQ.sudokugenerator.SudokuGeneratorTest" name="testGenerateAndInValidateValidSudoku[9]" time="0"/>
  <testcase classname="com.HiQ.sudokugenerator.SudokuGeneratorTest" name="testGenerateAndValidateValidSudoku[9]" time="0"/>
  <testcase classname="com.HiQ.sudokugenerator.SudokuGeneratorTest" name="testGenerateaPlaybleEasySudoku[9]" time="0.001"/>
  <testcase classname="com.HiQ.sudokugenerator.SudokuGeneratorTest" name="testGenerateaPlaybleHardSudoku[9]" time="0"/>
  <testcase classname="com.HiQ.sudokugenerator.SudokuGeneratorTest" name="testGenerateaPlaybleMediumSudoku[9]" time="0"/>
  <testcase classname="com.HiQ.sudokugenerator.SudokuGeneratorTest" name="testGenerateAndInValidateValidSudoku[10]" time="0"/>
  <testcase classname="com.HiQ.sudokugenerator.SudokuGeneratorTest" name="testGenerateAndValidateValidSudoku[10]" time="0"/>
  <testcase classname="com.HiQ.sudokugenerator.SudokuGeneratorTest" name="testGenerateaPlaybleEasySudoku[10]" time="0"/>
  <testcase classname="com.HiQ.sudokugenerator.SudokuGeneratorTest" name="testGenerateaPlaybleHardSudoku[10]" time="0"/>
  <testcase classname="com.HiQ.sudokugenerator.SudokuGeneratorTest" name="testGenerateaPlaybleMediumSudoku[10]" time="0"/>
  <testcase classname="com.HiQ.sudokugenerator.SudokuGeneratorTest" name="testGenerateAndInValidateValidSudoku[11]" time="0"/>
  <testcase classname="com.HiQ.sudokugenerator.SudokuGeneratorTest" name="testGenerateAndValidateValidSudoku[11]" time="0"/>
  <testcase classname="com.HiQ.sudokugenerator.SudokuGeneratorTest" name="testGenerateaPlaybleEasySudoku[11]" time="0"/>
  <testcase classname="com.HiQ.sudokugenerator.SudokuGeneratorTest" name="testGenerateaPlaybleHardSudoku[11]" time="0"/>
  <testcase classname="com.HiQ.sudokugenerator.SudokuGeneratorTest" name="testGenerateaPlaybleMediumSudoku[11]" time="0"/>
  <testcase classname="com.HiQ.sudokugenerator.SudokuGeneratorTest" name="testGenerateAndInValidateValidSudoku[12]" time="0"/>
  <testcase classname="com.HiQ.sudokugenerator.SudokuGeneratorTest" name="testGenerateAndValidateValidSudoku[12]" time="0"/>
  <testcase classname="com.HiQ.sudokugenerator.SudokuGeneratorTest" name="testGenerateaPlaybleEasySudoku[12]" time="0"/>
  <testcase classname="com.HiQ.sudokugenerator.SudokuGeneratorTest" name="testGenerateaPlaybleHardSudoku[12]" time="0.001"/>
  <testcase classname="com.HiQ.sudokugenerator.SudokuGeneratorTest" name="testGenerateaPlaybleMediumSudoku[12]" time="0"/>
  <testcase classname="com.HiQ.sudokugenerator.SudokuGeneratorTest" name="testGenerateAndInValidateValidSudoku[13]" time="0"/>
  <testcase classname="com.HiQ.sudokugenerator.SudokuGeneratorTest" name="testGenerateAndValidateValidSudoku[13]" time="0"/>
  <testcase classname="com.HiQ.sudokugenerator.SudokuGeneratorTest" name="testGenerateaPlaybleEasySudoku[13]" time="0"/>
  <testcase classname="com.HiQ.sudokugenerator.SudokuGeneratorTest" name="testGenerateaPlaybleHardSudoku[13]" time="0"/>
  <testcase classname="com.HiQ.sudokugenerator.SudokuGeneratorTest" name="testGenerateaPlaybleMediumSudoku[13]" time="0"/>
  <testcase classname="com.HiQ.sudokugenerator.SudokuGeneratorTest" name="testGenerateAndInValidateValidSudoku[14]" time="0"/>
  <testcase classname="com.HiQ.sudokugenerator.SudokuGeneratorTest" name="testGenerateAndValidateValidSudoku[14]" time="0"/>
  <testcase classname="com.HiQ.sudokugenerator.SudokuGeneratorTest" name="testGenerateaPlaybleEasySudoku[14]" time="0"/>
  <testcase classname="com.HiQ.sudokugenerator.SudokuGeneratorTest" name="testGenerateaPlaybleHardSudoku[14]" time="0.03"/>
  <testcase classname="com.HiQ.sudokugenerator.SudokuGeneratorTest" name="testGenerateaPlaybleMediumSudoku[14]" time="0"/>
  <testcase classname="com.HiQ.sudokugenerator.SudokuGeneratorTest" name="testGenerateAndInValidateValidSudoku[15]" time="0"/>
  <testcase classname="com.HiQ.sudokugenerator.SudokuGeneratorTest" name="testGenerateAndValidateValidSudoku[15]" time="0"/>
  <testcase classname="com.HiQ.sudokugenerator.SudokuGeneratorTest" name="testGenerateaPlaybleEasySudoku[15]" time="0"/>
  <testcase classname="com.HiQ.sudokugenerator.SudokuGeneratorTest" name="testGenerateaPlaybleHardSudoku[15]" time="0"/>
  <testcase classname="com.HiQ.sudokugenerator.SudokuGeneratorTest" name="testGenerateaPlaybleMediumSudoku[15]" time="0"/>
  <testcase classname="com.HiQ.sudokugenerator.SudokuGeneratorTest" name="testGenerateAndInValidateValidSudoku[16]" time="0"/>
  <testcase classname="com.HiQ.sudokugenerator.SudokuGeneratorTest" name="testGenerateAndValidateValidSudoku[16]" time="0"/>
  <testcase classname="com.HiQ.sudokugenerator.SudokuGeneratorTest" name="testGenerateaPlaybleEasySudoku[16]" time="0"/>
  <testcase classname="com.HiQ.sudokugenerator.SudokuGeneratorTest" name="testGenerateaPlaybleHardSudoku[16]" time="0"/>
  <testcase classname="com.HiQ.sudokugenerator.SudokuGeneratorTest" name="testGenerateaPlaybleMediumSudoku[16]" time="0"/>
  <testcase classname="com.HiQ.sudokugenerator.SudokuGeneratorTest" name="testGenerateAndInValidateValidSudoku[17]" time="0"/>
  <testcase classname="com.HiQ.sudokugenerator.SudokuGeneratorTest" name="testGenerateAndValidateValidSudoku[17]" time="0"/>
  <testcase classname="com.HiQ.sudokugenerator.SudokuGeneratorTest" name="testGenerateaPlaybleEasySudoku[17]" time="0"/>
  <testcase classname="com.HiQ.sudokugenerator.SudokuGeneratorTest" name="testGenerateaPlaybleHardSudoku[17]" time="0"/>
  <testcase classname="com.HiQ.sudokugenerator.SudokuGeneratorTest" name="testGenerateaPlaybleMediumSudoku[17]" time="0"/>
  <testcase classname="com.HiQ.sudokugenerator.SudokuGeneratorTest" name="testGenerateAndInValidateValidSudoku[18]" time="0"/>
  <testcase classname="com.HiQ.sudokugenerator.SudokuGeneratorTest" name="testGenerateAndValidateValidSudoku[18]" time="0"/>
  <testcase classname="com.HiQ.sudokugenerator.SudokuGeneratorTest" name="testGenerateaPlaybleEasySudoku[18]" time="0"/>
  <testcase classname="com.HiQ.sudokugenerator.SudokuGeneratorTest" name="testGenerateaPlaybleHardSudoku[18]" time="0"/>
  <testcase classname="com.HiQ.sudokugenerator.SudokuGeneratorTest" name="testGenerateaPlaybleMediumSudoku[18]" time="0"/>
  <testcase classname="com.HiQ.sudokugenerator.SudokuGeneratorTest" name="testGenerateAndInValidateValidSudoku[19]" time="0"/>
  <testcase classname="com.HiQ.sudokugenerator.SudokuGeneratorTest" name="testGenerateAndValidateValidSudoku[19]" time="0"/>
  <testcase classname="com.HiQ.sudokugenerator.SudokuGeneratorTest" name="testGenerateaPlaybleEasySudoku[19]" time="0"/>
  <testcase classname="com.HiQ.sudokugenerator.SudokuGeneratorTest" name="testGenerateaPlaybleHardSudoku[19]" time="0"/>
  <testcase classname="com.HiQ.sudokugenerator.SudokuGeneratorTest" name="testGenerateaPlaybleMediumSudoku[19]" time="0"/>
  <testcase classname="com.HiQ.sudokugenerator.SudokuGeneratorTest" name="testGenerateAndInValidateValidSudoku[20]" time="0"/>
  <testcase classname="com.HiQ.sudokugenerator.SudokuGeneratorTest" name="testGenerateAndValidateValidSudoku[20]" time="0"/>
  <testcase classname="com.HiQ.sudokugenerator.SudokuGeneratorTest" name="testGenerateaPlaybleEasySudoku[20]" time="0"/>
  <testcase classname="com.HiQ.sudokugenerator.SudokuGeneratorTest" name="testGenerateaPlaybleHardSudoku[20]" time="0.001"/>
  <testcase classname="com.HiQ.sudokugenerator.SudokuGeneratorTest" name="testGenerateaPlaybleMediumSudoku[20]" time="0"/>
  <testcase classname="com.HiQ.sudokugenerator.SudokuGeneratorTest" name="testGenerateAndInValidateValidSudoku[21]" time="0"/>
  <testcase classname="com.HiQ.sudokugenerator.SudokuGeneratorTest" name="testGenerateAndValidateValidSudoku[21]" time="0"/>
  <testcase classname="com.HiQ.sudokugenerator.SudokuGeneratorTest" name="testGenerateaPlaybleEasySudoku[21]" time="0"/>
  <testcase classname="com.HiQ.sudokugenerator.SudokuGeneratorTest" name="testGenerateaPlaybleHardSudoku[21]" time="0"/>
  <testcase classname="com.HiQ.sudokugenerator.SudokuGeneratorTest" name="testGenerateaPlaybleMediumSudoku[21]" time="0"/>
  <testcase classname="com.HiQ.sudokugenerator.SudokuGeneratorTest" name="testGenerateAndInValidateValidSudoku[22]" time="0"/>
  <testcase classname="com.HiQ.sudokugenerator.SudokuGeneratorTest" name="testGenerateAndValidateValidSudoku[22]" time="0"/>
  <testcase classname="com.HiQ.sudokugenerator.SudokuGeneratorTest" name="testGenerateaPlaybleEasySudoku[22]" time="0"/>
  <testcase classname="com.HiQ.sudokugenerator.SudokuGeneratorTest" name="testGenerateaPlaybleHardSudoku[22]" time="0"/>
  <testcase classname="com.HiQ.sudokugenerator.SudokuGeneratorTest" name="testGenerateaPlaybleMediumSudoku[22]" time="0"/>
  <testcase classname="com.HiQ.sudokugenerator.SudokuGeneratorTest" name="testGenerateAndInValidateValidSudoku[23]" time="0"/>
  <testcase classname="com.HiQ.sudokugenerator.SudokuGeneratorTest" name="testGenerateAndValidateValidSudoku[23]" time="0"/>
  <testcase classname="com.HiQ.sudokugenerator.SudokuGeneratorTest" name="testGenerateaPlaybleEasySudoku[23]" time="0"/>
  <testcase classname="com.HiQ.sudokugenerator.SudokuGeneratorTest" name="testGenerateaPlaybleHardSudoku[23]" time="0"/>
  <testcase classname="com.HiQ.sudokugenerator.SudokuGeneratorTest" name="testGenerateaPlaybleMediumSudoku[23]" time="0"/>
  <testcase classname="com.HiQ.sudokugenerator.SudokuGeneratorTest" name="testGenerateAndInValidateValidSudoku[24]" time="0"/>
  <testcase classname="com.HiQ.sudokugenerator.SudokuGeneratorTest" name="testGenerateAndValidateValidSudoku[24]" time="0"/>
  <testcase classname="com.HiQ.sudokugenerator.SudokuGeneratorTest" name="testGenerateaPlaybleEasySudoku[24]" time="0"/>
  <testcase classname="com.HiQ.sudokugenerator.SudokuGeneratorTest" name="testGenerateaPlaybleHardSudoku[24]" time="0"/>
  <testcase classname="com.HiQ.sudokugenerator.SudokuGeneratorTest" name="testGenerateaPlaybleMediumSudoku[24]" time="0"/>
  <testcase classname="com.HiQ.sudokugenerator.SudokuGeneratorTest" name="testGenerateAndInValidateValidSudoku[25]" time="0"/>
  <testcase classname="com.HiQ.sudokugenerator.SudokuGeneratorTest" name="testGenerateAndValidateValidSudoku[25]" time="0"/>
  <testcase classname="com.HiQ.sudokugenerator.SudokuGeneratorTest" name="testGenerateaPlaybleEasySudoku[25]" time="0"/>
  <testcase classname="com.HiQ.sudokugenerator.SudokuGeneratorTest" name="testGenerateaPlaybleHardSudoku[25]" time="0"/>
  <testcase classname="com.HiQ.sudokugenerator.SudokuGeneratorTest" name="testGenerateaPlaybleMediumSudoku[25]" time="0"/>
  <testcase classname="com.HiQ.sudokugenerator.SudokuGeneratorTest" name="testGenerateAndInValidateValidSudoku[26]" time="0"/>
  <testcase classname="com.HiQ.sudokugenerator.SudokuGeneratorTest" name="testGenerateAndValidateValidSudoku[26]" time="0"/>
  <testcase classname="com.HiQ.sudokugenerator.SudokuGeneratorTest" name="testGenerateaPlaybleEasySudoku[26]" time="0"/>
  <testcase classname="com.HiQ.sudokugenerator.SudokuGeneratorTest" name="testGenerateaPlaybleHardSudoku[26]" time="0"/>
  <testcase classname="com.HiQ.sudokugenerator.SudokuGeneratorTest" name="testGenerateaPlaybleMediumSudoku[26]" time="0"/>
  <testcase classname="com.HiQ.sudokugenerator.SudokuGeneratorTest" name="testGenerateAndInValidateValidSudoku[27]" time="0"/>
  <testcase classname="com.HiQ.sudokugenerator.SudokuGeneratorTest" name="testGenerateAndValidateValidSudoku[27]" time="0"/>
  <testcase classname="com.HiQ.sudokugenerator.SudokuGeneratorTest" name="testGenerateaPlaybleEasySudoku[27]" time="0"/>
  <testcase classname="com.HiQ.sudokugenerator.SudokuGeneratorTest" name="testGenerateaPlaybleHardSudoku[27]" time="0"/>
  <testcase classname="com.HiQ.sudokugenerator.SudokuGeneratorTest" name="testGenerateaPlaybleMediumSudoku[27]" time="0.001"/>
  <testcase classname="com.HiQ.sudokugenerator.SudokuGeneratorTest" name="testGenerateAndInValidateValidSudoku[28]" time="0"/>
  <testcase classname="com.HiQ.sudokugenerator.SudokuGeneratorTest" name="testGenerateAndValidateValidSudoku[28]" time="0"/>
  <testcase classname="com.HiQ.sudokugenerator.SudokuGeneratorTest" name="testGenerateaPlaybleEasySudoku[28]" time="0"/>
  <testcase classname="com.HiQ.sudokugenerator.SudokuGeneratorTest" name="testGenerateaPlaybleHardSudoku[28]" time="0"/>
  <testcase classname="com.HiQ.sudokugenerator.SudokuGeneratorTest" name="testGenerateaPlaybleMediumSudoku[28]" time="0"/>
  <testcase classname="com.HiQ.sudokugenerator.SudokuGeneratorTest" name="testGenerateAndInValidateValidSudoku[29]" time="0"/>
  <testcase classname="com.HiQ.sudokugenerator.SudokuGeneratorTest" name="testGenerateAndValidateValidSudoku[29]" time="0"/>
  <testcase classname="com.HiQ.sudokugenerator.SudokuGeneratorTest" name="testGenerateaPlaybleEasySudoku[29]" time="0"/>
  <testcase classname="com.HiQ.sudokugenerator.SudokuGeneratorTest" name="testGenerateaPlaybleHardSudoku[29]" time="0"/>
  <testcase classname="com.HiQ.sudokugenerator.SudokuGeneratorTest" name="testGenerateaPlaybleMediumSudoku[29]" time="0"/>
  <testcase classname="com.HiQ.sudokugenerator.SudokuGeneratorTest" name="testGenerateAndInValidateValidSudoku[30]" time="0"/>
  <testcase classname="com.HiQ.sudokugenerator.SudokuGeneratorTest" name="testGenerateAndValidateValidSudoku[30]" time="0"/>
  <testcase classname="com.HiQ.sudokugenerator.SudokuGeneratorTest" name="testGenerateaPlaybleEasySudoku[30]" time="0"/>
  <testcase classname="com.HiQ.sudokugenerator.SudokuGeneratorTest" name="testGenerateaPlaybleHardSudoku[30]" time="0"/>
  <testcase classname="com.HiQ.sudokugenerator.SudokuGeneratorTest" name="testGenerateaPlaybleMediumSudoku[30]" time="0"/>
  <testcase classname="com.HiQ.sudokugenerator.SudokuGeneratorTest" name="testGenerateAndInValidateValidSudoku[31]" time="0"/>
  <testcase classname="com.HiQ.sudokugenerator.SudokuGeneratorTest" name="testGenerateAndValidateValidSudoku[31]" time="0"/>
  <testcase classname="com.HiQ.sudokugenerator.SudokuGeneratorTest" name="testGenerateaPlaybleEasySudoku[31]" time="0"/>
  <testcase classname="com.HiQ.sudokugenerator.SudokuGeneratorTest" name="testGenerateaPlaybleHardSudoku[31]" time="0.037"/>
  <testcase classname="com.HiQ.sudokugenerator.SudokuGeneratorTest" name="testGenerateaPlaybleMediumSudoku[31]" time="0"/>
  <testcase classname="com.HiQ.sudokugenerator.SudokuGeneratorTest" name="testGenerateAndInValidateValidSudoku[32]" time="0"/>
  <testcase classname="com.HiQ.sudokugenerator.SudokuGeneratorTest" name="testGenerateAndValidateValidSudoku[32]" time="0"/>
  <testcase classname="com.HiQ.sudokugenerator.SudokuGeneratorTest" name="testGenerateaPlaybleEasySudoku[32]" time="0"/>
  <testcase classname="com.HiQ.sudokugenerator.SudokuGeneratorTest" name="testGenerateaPlaybleHardSudoku[32]" time="0"/>
  <testcase classname="com.HiQ.sudokugenerator.SudokuGeneratorTest" name="testGenerateaPlaybleMediumSudoku[32]" time="0.001"/>
  <testcase classname="com.HiQ.sudokugenerator.SudokuGeneratorTest" name="testGenerateAndInValidateValidSudoku[33]" time="0"/>
  <testcase classname="com.HiQ.sudokugenerator.SudokuGeneratorTest" name="testGenerateAndValidateValidSudoku[33]" time="0"/>
  <testcase classname="com.HiQ.sudokugenerator.SudokuGeneratorTest" name="testGenerateaPlaybleEasySudoku[33]" time="0"/>
  <testcase classname="com.HiQ.sudokugenerator.SudokuGeneratorTest" name="testGenerateaPlaybleHardSudoku[33]" time="0"/>
  <testcase classname="com.HiQ.sudokugenerator.SudokuGeneratorTest" name="testGenerateaPlaybleMediumSudoku[33]" time="0"/>
  <testcase classname="com.HiQ.sudokugenerator.SudokuGeneratorTest" name="testGenerateAndInValidateValidSudoku[34]" time="0"/>
  <testcase classname="com.HiQ.sudokugenerator.SudokuGeneratorTest" name="testGenerateAndValidateValidSudoku[34]" time="0"/>
  <testcase classname="com.HiQ.sudokugenerator.SudokuGeneratorTest" name="testGenerateaPlaybleEasySudoku[34]" time="0"/>
  <testcase classname="com.HiQ.sudokugenerator.SudokuGeneratorTest" name="testGenerateaPlaybleHardSudoku[34]" time="0"/>
  <testcase classname="com.HiQ.sudokugenerator.SudokuGeneratorTest" name="testGenerateaPlaybleMediumSudoku[34]" time="0"/>
  <testcase classname="com.HiQ.sudokugenerator.SudokuGeneratorTest" name="testGenerateAndInValidateValidSudoku[35]" time="0"/>
  <testcase classname="com.HiQ.sudokugenerator.SudokuGeneratorTest" name="testGenerateAndValidateValidSudoku[35]" time="0"/>
  <testcase classname="com.HiQ.sudokugenerator.SudokuGeneratorTest" name="testGenerateaPlaybleEasySudoku[35]" time="0"/>
  <testcase classname="com.HiQ.sudokugenerator.SudokuGeneratorTest" name="testGenerateaPlaybleHardSudoku[35]" time="0"/>
  <testcase classname="com.HiQ.sudokugenerator.SudokuGeneratorTest" name="testGenerateaPlaybleMediumSudoku[35]" time="0"/>
  <testcase classname="com.HiQ.sudokugenerator.SudokuGeneratorTest" name="testGenerateAndInValidateValidSudoku[36]" time="0"/>
  <testcase classname="com.HiQ.sudokugenerator.SudokuGeneratorTest" name="testGenerateAndValidateValidSudoku[36]" time="0.001"/>
  <testcase classname="com.HiQ.sudokugenerator.SudokuGeneratorTest" name="testGenerateaPlaybleEasySudoku[36]" time="0"/>
  <testcase classname="com.HiQ.sudokugenerator.SudokuGeneratorTest" name="testGenerateaPlaybleHardSudoku[36]" time="0"/>
  <testcase classname="com.HiQ.sudokugenerator.SudokuGeneratorTest" name="testGenerateaPlaybleMediumSudoku[36]" time="0"/>
  <testcase classname="com.HiQ.sudokugenerator.SudokuGeneratorTest" name="testGenerateAndInValidateValidSudoku[37]" time="0"/>
  <testcase classname="com.HiQ.sudokugenerator.SudokuGeneratorTest" name="testGenerateAndValidateValidSudoku[37]" time="0"/>
  <testcase classname="com.HiQ.sudokugenerator.SudokuGeneratorTest" name="testGenerateaPlaybleEasySudoku[37]" time="0"/>
  <testcase classname="com.HiQ.sudokugenerator.SudokuGeneratorTest" name="testGenerateaPlaybleHardSudoku[37]" time="0"/>
  <testcase classname="com.HiQ.sudokugenerator.SudokuGeneratorTest" name="testGenerateaPlaybleMediumSudoku[37]" time="0.001"/>
  <testcase classname="com.HiQ.sudokugenerator.SudokuGeneratorTest" name="testGenerateAndInValidateValidSudoku[38]" time="0"/>
  <testcase classname="com.HiQ.sudokugenerator.SudokuGeneratorTest" name="testGenerateAndValidateValidSudoku[38]" time="0"/>
  <testcase classname="com.HiQ.sudokugenerator.SudokuGeneratorTest" name="testGenerateaPlaybleEasySudoku[38]" time="0"/>
  <testcase classname="com.HiQ.sudokugenerator.SudokuGeneratorTest" name="testGenerateaPlaybleHardSudoku[38]" time="0"/>
  <testcase classname="com.HiQ.sudokugenerator.SudokuGeneratorTest" name="testGenerateaPlaybleMediumSudoku[38]" time="0"/>
  <testcase classname="com.HiQ.sudokugenerator.SudokuGeneratorTest" name="testGenerateAndInValidateValidSudoku[39]" time="0"/>
  <testcase classname="com.HiQ.sudokugenerator.SudokuGeneratorTest" name="testGenerateAndValidateValidSudoku[39]" time="0"/>
  <testcase classname="com.HiQ.sudokugenerator.SudokuGeneratorTest" name="testGenerateaPlaybleEasySudoku[39]" time="0"/>
  <testcase classname="com.HiQ.sudokugenerator.SudokuGeneratorTest" name="testGenerateaPlaybleHardSudoku[39]" time="0"/>
  <testcase classname="com.HiQ.sudokugenerator.SudokuGeneratorTest" name="testGenerateaPlaybleMediumSudoku[39]" time="0"/>
  <testcase classname="com.HiQ.sudokugenerator.SudokuGeneratorTest" name="testGenerateAndInValidateValidSudoku[40]" time="0"/>
  <testcase classname="com.HiQ.sudokugenerator.SudokuGeneratorTest" name="testGenerateAndValidateValidSudoku[40]" time="0"/>
  <testcase classname="com.HiQ.sudokugenerator.SudokuGeneratorTest" name="testGenerateaPlaybleEasySudoku[40]" time="0"/>
  <testcase classname="com.HiQ.sudokugenerator.SudokuGeneratorTest" name="testGenerateaPlaybleHardSudoku[40]" time="0"/>
  <testcase classname="com.HiQ.sudokugenerator.SudokuGeneratorTest" name="testGenerateaPlaybleMediumSudoku[40]" time="0"/>
  <testcase classname="com.HiQ.sudokugenerator.SudokuGeneratorTest" name="testGenerateAndInValidateValidSudoku[41]" time="0"/>
  <testcase classname="com.HiQ.sudokugenerator.SudokuGeneratorTest" name="testGenerateAndValidateValidSudoku[41]" time="0"/>
  <testcase classname="com.HiQ.sudokugenerator.SudokuGeneratorTest" name="testGenerateaPlaybleEasySudoku[41]" time="0"/>
  <testcase classname="com.HiQ.sudokugenerator.SudokuGeneratorTest" name="testGenerateaPlaybleHardSudoku[41]" time="0"/>
  <testcase classname="com.HiQ.sudokugenerator.SudokuGeneratorTest" name="testGenerateaPlaybleMediumSudoku[41]" time="0"/>
  <testcase classname="com.HiQ.sudokugenerator.SudokuGeneratorTest" name="testGenerateAndInValidateValidSudoku[42]" time="0.001"/>
  <testcase classname="com.HiQ.sudokugenerator.SudokuGeneratorTest" name="testGenerateAndValidateValidSudoku[42]" time="0"/>
  <testcase classname="com.HiQ.sudokugenerator.SudokuGeneratorTest" name="testGenerateaPlaybleEasySudoku[42]" time="0"/>
  <testcase classname="com.HiQ.sudokugenerator.SudokuGeneratorTest" name="testGenerateaPlaybleHardSudoku[42]" time="0"/>
  <testcase classname="com.HiQ.sudokugenerator.SudokuGeneratorTest" name="testGenerateaPlaybleMediumSudoku[42]" time="0"/>
  <testcase classname="com.HiQ.sudokugenerator.SudokuGeneratorTest" name="testGenerateAndInValidateValidSudoku[43]" time="0"/>
  <testcase classname="com.HiQ.sudokugenerator.SudokuGeneratorTest" name="testGenerateAndValidateValidSudoku[43]" time="0"/>
  <testcase classname="com.HiQ.sudokugenerator.SudokuGeneratorTest" name="testGenerateaPlaybleEasySudoku[43]" time="0"/>
  <testcase classname="com.HiQ.sudokugenerator.SudokuGeneratorTest" name="testGenerateaPlaybleHardSudoku[43]" time="0"/>
  <testcase classname="com.HiQ.sudokugenerator.SudokuGeneratorTest" name="testGenerateaPlaybleMediumSudoku[43]" time="0"/>
  <testcase classname="com.HiQ.sudokugenerator.SudokuGeneratorTest" name="testGenerateAndInValidateValidSudoku[44]" time="0"/>
  <testcase classname="com.HiQ.sudokugenerator.SudokuGeneratorTest" name="testGenerateAndValidateValidSudoku[44]" time="0"/>
  <testcase classname="com.HiQ.sudokugenerator.SudokuGeneratorTest" name="testGenerateaPlaybleEasySudoku[44]" time="0"/>
  <testcase classname="com.HiQ.sudokugenerator.SudokuGeneratorTest" name="testGenerateaPlaybleHardSudoku[44]" time="0"/>
  <testcase classname="com.HiQ.sudokugenerator.SudokuGeneratorTest" name="testGenerateaPlaybleMediumSudoku[44]" time="0"/>
  <testcase classname="com.HiQ.sudokugenerator.SudokuGeneratorTest" name="testGenerateAndInValidateValidSudoku[45]" time="0"/>
  <testcase classname="com.HiQ.sudokugenerator.SudokuGeneratorTest" name="testGenerateAndValidateValidSudoku[45]" time="0"/>
  <testcase classname="com.HiQ.sudokugenerator.SudokuGeneratorTest" name="testGenerateaPlaybleEasySudoku[45]" time="0"/>
  <testcase classname="com.HiQ.sudokugenerator.SudokuGeneratorTest" name="testGenerateaPlaybleHardSudoku[45]" time="0.001"/>
  <testcase classname="com.HiQ.sudokugenerator.SudokuGeneratorTest" name="testGenerateaPlaybleMediumSudoku[45]" time="0.039"/>
  <testcase classname="com.HiQ.sudokugenerator.SudokuGeneratorTest" name="testGenerateAndInValidateValidSudoku[46]" time="0"/>
  <testcase classname="com.HiQ.sudokugenerator.SudokuGeneratorTest" name="testGenerateAndValidateValidSudoku[46]" time="0"/>
  <testcase classname="com.HiQ.sudokugenerator.SudokuGeneratorTest" name="testGenerateaPlaybleEasySudoku[46]" time="0"/>
  <testcase classname="com.HiQ.sudokugenerator.SudokuGeneratorTest" name="testGenerateaPlaybleHardSudoku[46]" time="0"/>
  <testcase classname="com.HiQ.sudokugenerator.SudokuGeneratorTest" name="testGenerateaPlaybleMediumSudoku[46]" time="0"/>
  <testcase classname="com.HiQ.sudokugenerator.SudokuGeneratorTest" name="testGenerateAndInValidateValidSudoku[47]" time="0"/>
  <testcase classname="com.HiQ.sudokugenerator.SudokuGeneratorTest" name="testGenerateAndValidateValidSudoku[47]" time="0"/>
  <testcase classname="com.HiQ.sudokugenerator.SudokuGeneratorTest" name="testGenerateaPlaybleEasySudoku[47]" time="0"/>
  <testcase classname="com.HiQ.sudokugenerator.SudokuGeneratorTest" name="testGenerateaPlaybleHardSudoku[47]" time="0"/>
  <testcase classname="com.HiQ.sudokugenerator.SudokuGeneratorTest" name="testGenerateaPlaybleMediumSudoku[47]" time="0"/>
  <testcase classname="com.HiQ.sudokugenerator.SudokuGeneratorTest" name="testGenerateAndInValidateValidSudoku[48]" time="0"/>
  <testcase classname="com.HiQ.sudokugenerator.SudokuGeneratorTest" name="testGenerateAndValidateValidSudoku[48]" time="0"/>
  <testcase classname="com.HiQ.sudokugenerator.SudokuGeneratorTest" name="testGenerateaPlaybleEasySudoku[48]" time="0"/>
  <testcase classname="com.HiQ.sudokugenerator.SudokuGeneratorTest" name="testGenerateaPlaybleHardSudoku[48]" time="0"/>
  <testcase classname="com.HiQ.sudokugenerator.SudokuGeneratorTest" name="testGenerateaPlaybleMediumSudoku[48]" time="0"/>
  <testcase classname="com.HiQ.sudokugenerator.SudokuGeneratorTest" name="testGenerateAndInValidateValidSudoku[49]" time="0"/>
  <testcase classname="com.HiQ.sudokugenerator.SudokuGeneratorTest" name="testGenerateAndValidateValidSudoku[49]" time="0"/>
  <testcase classname="com.HiQ.sudokugenerator.SudokuGeneratorTest" name="testGenerateaPlaybleEasySudoku[49]" time="0"/>
  <testcase classname="com.HiQ.sudokugenerator.SudokuGeneratorTest" name="testGenerateaPlaybleHardSudoku[49]" time="0"/>
  <testcase classname="com.HiQ.sudokugenerator.SudokuGeneratorTest" name="testGenerateaPlaybleMediumSudoku[49]" time="0.001"/>
  <testcase classname="com.HiQ.sudokugenerator.SudokuGeneratorTest" name="testGenerateAndInValidateValidSudoku[50]" time="0"/>
  <testcase classname="com.HiQ.sudokugenerator.SudokuGeneratorTest" name="testGenerateAndValidateValidSudoku[50]" time="0"/>
  <testcase classname="com.HiQ.sudokugenerator.SudokuGeneratorTest" name="testGenerateaPlaybleEasySudoku[50]" time="0"/>
  <testcase classname="com.HiQ.sudokugenerator.SudokuGeneratorTest" name="testGenerateaPlaybleHardSudoku[50]" time="0"/>
  <testcase classname="com.HiQ.sudokugenerator.SudokuGeneratorTest" name="testGenerateaPlaybleMediumSudoku[50]" time="0"/>
  <testcase classname="com.HiQ.sudokugenerator.SudokuGeneratorTest" name="testGenerateAndInValidateValidSudoku[51]" time="0"/>
  <testcase classname="com.HiQ.sudokugenerator.SudokuGeneratorTest" name="testGenerateAndValidateValidSudoku[51]" time="0"/>
  <testcase classname="com.HiQ.sudokugenerator.SudokuGeneratorTest" name="testGenerateaPlaybleEasySudoku[51]" time="0"/>
  <testcase classname="com.HiQ.sudokugenerator.SudokuGeneratorTest" name="testGenerateaPlaybleHardSudoku[51]" time="0"/>
  <testcase classname="com.HiQ.sudokugenerator.SudokuGeneratorTest" name="testGenerateaPlaybleMediumSudoku[51]" time="0"/>
  <testcase classname="com.HiQ.sudokugenerator.SudokuGeneratorTest" name="testGenerateAndInValidateValidSudoku[52]" time="0"/>
  <testcase classname="com.HiQ.sudokugenerator.SudokuGeneratorTest" name="testGenerateAndValidateValidSudoku[52]" time="0"/>
  <testcase classname="com.HiQ.sudokugenerator.SudokuGeneratorTest" name="testGenerateaPlaybleEasySudoku[52]" time="0"/>
  <testcase classname="com.HiQ.sudokugenerator.SudokuGeneratorTest" name="testGenerateaPlaybleHardSudoku[52]" time="0"/>
  <testcase classname="com.HiQ.sudokugenerator.SudokuGeneratorTest" name="testGenerateaPlaybleMediumSudoku[52]" time="0"/>
  <testcase classname="com.HiQ.sudokugenerator.SudokuGeneratorTest" name="testGenerateAndInValidateValidSudoku[53]" time="0"/>
  <testcase classname="com.HiQ.sudokugenerator.SudokuGeneratorTest" name="testGenerateAndValidateValidSudoku[53]" time="0"/>
  <testcase classname="com.HiQ.sudokugenerator.SudokuGeneratorTest" name="testGenerateaPlaybleEasySudoku[53]" time="0"/>
  <testcase classname="com.HiQ.sudokugenerator.SudokuGeneratorTest" name="testGenerateaPlaybleHardSudoku[53]" time="0"/>
  <testcase classname="com.HiQ.sudokugenerator.SudokuGeneratorTest" name="testGenerateaPlaybleMediumSudoku[53]" time="0"/>
  <testcase classname="com.HiQ.sudokugenerator.SudokuGeneratorTest" name="testGenerateAndInValidateValidSudoku[54]" time="0"/>
  <testcase classname="com.HiQ.sudokugenerator.SudokuGeneratorTest" name="testGenerateAndValidateValidSudoku[54]" time="0"/>
  <testcase classname="com.HiQ.sudokugenerator.SudokuGeneratorTest" name="testGenerateaPlaybleEasySudoku[54]" time="0"/>
  <testcase classname="com.HiQ.sudokugenerator.SudokuGeneratorTest" name="testGenerateaPlaybleHardSudoku[54]" time="0"/>
  <testcase classname="com.HiQ.sudokugenerator.SudokuGeneratorTest" name="testGenerateaPlaybleMediumSudoku[54]" time="0"/>
  <testcase classname="com.HiQ.sudokugenerator.SudokuGeneratorTest" name="testGenerateAndInValidateValidSudoku[55]" time="0"/>
  <testcase classname="com.HiQ.sudokugenerator.SudokuGeneratorTest" name="testGenerateAndValidateValidSudoku[55]" time="0"/>
  <testcase classname="com.HiQ.sudokugenerator.SudokuGeneratorTest" name="testGenerateaPlaybleEasySudoku[55]" time="0"/>
  <testcase classname="com.HiQ.sudokugenerator.SudokuGeneratorTest" name="testGenerateaPlaybleHardSudoku[55]" time="0"/>
  <testcase classname="com.HiQ.sudokugenerator.SudokuGeneratorTest" name="testGenerateaPlaybleMediumSudoku[55]" time="0"/>
  <testcase classname="com.HiQ.sudokugenerator.SudokuGeneratorTest" name="testGenerateAndInValidateValidSudoku[56]" time="0"/>
  <testcase classname="com.HiQ.sudokugenerator.SudokuGeneratorTest" name="testGenerateAndValidateValidSudoku[56]" time="0"/>
  <testcase classname="com.HiQ.sudokugenerator.SudokuGeneratorTest" name="testGenerateaPlaybleEasySudoku[56]" time="0"/>
  <testcase classname="com.HiQ.sudokugenerator.SudokuGeneratorTest" name="testGenerateaPlaybleHardSudoku[56]" time="0"/>
  <testcase classname="com.HiQ.sudokugenerator.SudokuGeneratorTest" name="testGenerateaPlaybleMediumSudoku[56]" time="0"/>
  <testcase classname="com.HiQ.sudokugenerator.SudokuGeneratorTest" name="testGenerateAndInValidateValidSudoku[57]" time="0"/>
  <testcase classname="com.HiQ.sudokugenerator.SudokuGeneratorTest" name="testGenerateAndValidateValidSudoku[57]" time="0.001"/>
  <testcase classname="com.HiQ.sudokugenerator.SudokuGeneratorTest" name="testGenerateaPlaybleEasySudoku[57]" time="0"/>
  <testcase classname="com.HiQ.sudokugenerator.SudokuGeneratorTest" name="testGenerateaPlaybleHardSudoku[57]" time="0"/>
  <testcase classname="com.HiQ.sudokugenerator.SudokuGeneratorTest" name="testGenerateaPlaybleMediumSudoku[57]" time="0"/>
  <testcase classname="com.HiQ.sudokugenerator.SudokuGeneratorTest" name="testGenerateAndInValidateValidSudoku[58]" time="0"/>
  <testcase classname="com.HiQ.sudokugenerator.SudokuGeneratorTest" name="testGenerateAndValidateValidSudoku[58]" time="0"/>
  <testcase classname="com.HiQ.sudokugenerator.SudokuGeneratorTest" name="testGenerateaPlaybleEasySudoku[58]" time="0"/>
  <testcase classname="com.HiQ.sudokugenerator.SudokuGeneratorTest" name="testGenerateaPlaybleHardSudoku[58]" time="0"/>
  <testcase classname="com.HiQ.sudokugenerator.SudokuGeneratorTest" name="testGenerateaPlaybleMediumSudoku[58]" time="0"/>
  <testcase classname="com.HiQ.sudokugenerator.SudokuGeneratorTest" name="testGenerateAndInValidateValidSudoku[59]" time="0"/>
  <testcase classname="com.HiQ.sudokugenerator.SudokuGeneratorTest" name="testGenerateAndValidateValidSudoku[59]" time="0"/>
  <testcase classname="com.HiQ.sudokugenerator.SudokuGeneratorTest" name="testGenerateaPlaybleEasySudoku[59]" time="0"/>
  <testcase classname="com.HiQ.sudokugenerator.SudokuGeneratorTest" name="testGenerateaPlaybleHardSudoku[59]" time="0"/>
  <testcase classname="com.HiQ.sudokugenerator.SudokuGeneratorTest" name="testGenerateaPlaybleMediumSudoku[59]" time="0"/>
  <testcase classname="com.HiQ.sudokugenerator.SudokuGeneratorTest" name="testGenerateAndInValidateValidSudoku[60]" time="0"/>
  <testcase classname="com.HiQ.sudokugenerator.SudokuGeneratorTest" name="testGenerateAndValidateValidSudoku[60]" time="0"/>
  <testcase classname="com.HiQ.sudokugenerator.SudokuGeneratorTest" name="testGenerateaPlaybleEasySudoku[60]" time="0.014"/>
  <testcase classname="com.HiQ.sudokugenerator.SudokuGeneratorTest" name="testGenerateaPlaybleHardSudoku[60]" time="0"/>
  <testcase classname="com.HiQ.sudokugenerator.SudokuGeneratorTest" name="testGenerateaPlaybleMediumSudoku[60]" time="0"/>
  <testcase classname="com.HiQ.sudokugenerator.SudokuGeneratorTest" name="testGenerateAndInValidateValidSudoku[61]" time="0"/>
  <testcase classname="com.HiQ.sudokugenerator.SudokuGeneratorTest" name="testGenerateAndValidateValidSudoku[61]" time="0"/>
  <testcase classname="com.HiQ.sudokugenerator.SudokuGeneratorTest" name="testGenerateaPlaybleEasySudoku[61]" time="0"/>
  <testcase classname="com.HiQ.sudokugenerator.SudokuGeneratorTest" name="testGenerateaPlaybleHardSudoku[61]" time="0"/>
  <testcase classname="com.HiQ.sudokugenerator.SudokuGeneratorTest" name="testGenerateaPlaybleMediumSudoku[61]" time="0"/>
  <testcase classname="com.HiQ.sudokugenerator.SudokuGeneratorTest" name="testGenerateAndInValidateValidSudoku[62]" time="0"/>
  <testcase classname="com.HiQ.sudokugenerator.SudokuGeneratorTest" name="testGenerateAndValidateValidSudoku[62]" time="0"/>
  <testcase classname="com.HiQ.sudokugenerator.SudokuGeneratorTest" name="testGenerateaPlaybleEasySudoku[62]" time="0"/>
  <testcase classname="com.HiQ.sudokugenerator.SudokuGeneratorTest" name="testGenerateaPlaybleHardSudoku[62]" time="0"/>
  <testcase classname="com.HiQ.sudokugenerator.SudokuGeneratorTest" name="testGenerateaPlaybleMediumSudoku[62]" time="0"/>
  <testcase classname="com.HiQ.sudokugenerator.SudokuGeneratorTest" name="testGenerateAndInValidateValidSudoku[63]" time="0"/>
  <testcase classname="com.HiQ.sudokugenerator.SudokuGeneratorTest" name="testGenerateAndValidateValidSudoku[63]" time="0"/>
  <testcase classname="com.HiQ.sudokugenerator.SudokuGeneratorTest" name="testGenerateaPlaybleEasySudoku[63]" time="0"/>
  <testcase classname="com.HiQ.sudokugenerator.SudokuGeneratorTest" name="testGenerateaPlaybleHardSudoku[63]" time="0"/>
  <testcase classname="com.HiQ.sudokugenerator.SudokuGeneratorTest" name="testGenerateaPlaybleMediumSudoku[63]" time="0"/>
  <testcase classname="com.HiQ.sudokugenerator.SudokuGeneratorTest" name="testGenerateAndInValidateValidSudoku[64]" time="0"/>
  <testcase classname="com.HiQ.sudokugenerator.SudokuGeneratorTest" name="testGenerateAndValidateValidSudoku[64]" time="0"/>
  <testcase classname="com.HiQ.sudokugenerator.SudokuGeneratorTest" name="testGenerateaPlaybleEasySudoku[64]" time="0"/>
  <testcase classname="com.HiQ.sudokugenerator.SudokuGeneratorTest" name="testGenerateaPlaybleHardSudoku[64]" time="0"/>
  <testcase classname="com.HiQ.sudokugenerator.SudokuGeneratorTest" name="testGenerateaPlaybleMediumSudoku[64]" time="0"/>
  <testcase classname="com.HiQ.sudokugenerator.SudokuGeneratorTest" name="testGenerateAndInValidateValidSudoku[65]" time="0"/>
  <testcase classname="com.HiQ.sudokugenerator.SudokuGeneratorTest" name="testGenerateAndValidateValidSudoku[65]" time="0"/>
  <testcase classname="com.HiQ.sudokugenerator.SudokuGeneratorTest" name="testGenerateaPlaybleEasySudoku[65]" time="0"/>
  <testcase classname="com.HiQ.sudokugenerator.SudokuGeneratorTest" name="testGenerateaPlaybleHardSudoku[65]" time="0"/>
  <testcase classname="com.HiQ.sudokugenerator.SudokuGeneratorTest" name="testGenerateaPlaybleMediumSudoku[65]" time="0"/>
  <testcase classname="com.HiQ.sudokugenerator.SudokuGeneratorTest" name="testGenerateAndInValidateValidSudoku[66]" time="0"/>
  <testcase classname="com.HiQ.sudokugenerator.SudokuGeneratorTest" name="testGenerateAndValidateValidSudoku[66]" time="0"/>
  <testcase classname="com.HiQ.sudokugenerator.SudokuGeneratorTest" name="testGenerateaPlaybleEasySudoku[66]" time="0"/>
  <testcase classname="com.HiQ.sudokugenerator.SudokuGeneratorTest" name="testGenerateaPlaybleHardSudoku[66]" time="0"/>
  <testcase classname="com.HiQ.sudokugenerator.SudokuGeneratorTest" name="testGenerateaPlaybleMediumSudoku[66]" time="0.001"/>
  <testcase classname="com.HiQ.sudokugenerator.SudokuGeneratorTest" name="testGenerateAndInValidateValidSudoku[67]" time="0"/>
  <testcase classname="com.HiQ.sudokugenerator.SudokuGeneratorTest" name="testGenerateAndValidateValidSudoku[67]" time="0"/>
  <testcase classname="com.HiQ.sudokugenerator.SudokuGeneratorTest" name="testGenerateaPlaybleEasySudoku[67]" time="0"/>
  <testcase classname="com.HiQ.sudokugenerator.SudokuGeneratorTest" name="testGenerateaPlaybleHardSudoku[67]" time="0"/>
  <testcase classname="com.HiQ.sudokugenerator.SudokuGeneratorTest" name="testGenerateaPlaybleMediumSudoku[67]" time="0"/>
  <testcase classname="com.HiQ.sudokugenerator.SudokuGeneratorTest" name="testGenerateAndInValidateValidSudoku[68]" time="0"/>
  <testcase classname="com.HiQ.sudokugenerator.SudokuGeneratorTest" name="testGenerateAndValidateValidSudoku[68]" time="0"/>
  <testcase classname="com.HiQ.sudokugenerator.SudokuGeneratorTest" name="testGenerateaPlaybleEasySudoku[68]" time="0"/>
  <testcase classname="com.HiQ.sudokugenerator.SudokuGeneratorTest" name="testGenerateaPlaybleHardSudoku[68]" time="0"/>
  <testcase classname="com.HiQ.sudokugenerator.SudokuGeneratorTest" name="testGenerateaPlaybleMediumSudoku[68]" time="0"/>
  <testcase classname="com.HiQ.sudokugenerator.SudokuGeneratorTest" name="testGenerateAndInValidateValidSudoku[69]" time="0"/>
  <testcase classname="com.HiQ.sudokugenerator.SudokuGeneratorTest" name="testGenerateAndValidateValidSudoku[69]" time="0"/>
  <testcase classname="com.HiQ.sudokugenerator.SudokuGeneratorTest" name="testGenerateaPlaybleEasySudoku[69]" time="0"/>
  <testcase classname="com.HiQ.sudokugenerator.SudokuGeneratorTest" name="testGenerateaPlaybleHardSudoku[69]" time="0.001"/>
  <testcase classname="com.HiQ.sudokugenerator.SudokuGeneratorTest" name="testGenerateaPlaybleMediumSudoku[69]" time="0"/>
  <testcase classname="com.HiQ.sudokugenerator.SudokuGeneratorTest" name="testGenerateAndInValidateValidSudoku[70]" time="0"/>
  <testcase classname="com.HiQ.sudokugenerator.SudokuGeneratorTest" name="testGenerateAndValidateValidSudoku[70]" time="0"/>
  <testcase classname="com.HiQ.sudokugenerator.SudokuGeneratorTest" name="testGenerateaPlaybleEasySudoku[70]" time="0"/>
  <testcase classname="com.HiQ.sudokugenerator.SudokuGeneratorTest" name="testGenerateaPlaybleHardSudoku[70]" time="0"/>
  <testcase classname="com.HiQ.sudokugenerator.SudokuGeneratorTest" name="testGenerateaPlaybleMediumSudoku[70]" time="0"/>
  <testcase classname="com.HiQ.sudokugenerator.SudokuGeneratorTest" name="testGenerateAndInValidateValidSudoku[71]" time="0"/>
  <testcase classname="com.HiQ.sudokugenerator.SudokuGeneratorTest" name="testGenerateAndValidateValidSudoku[71]" time="0"/>
  <testcase classname="com.HiQ.sudokugenerator.SudokuGeneratorTest" name="testGenerateaPlaybleEasySudoku[71]" time="0"/>
  <testcase classname="com.HiQ.sudokugenerator.SudokuGeneratorTest" name="testGenerateaPlaybleHardSudoku[71]" time="0"/>
  <testcase classname="com.HiQ.sudokugenerator.SudokuGeneratorTest" name="testGenerateaPlaybleMediumSudoku[71]" time="0"/>
  <testcase classname="com.HiQ.sudokugenerator.SudokuGeneratorTest" name="testGenerateAndInValidateValidSudoku[72]" time="0"/>
  <testcase classname="com.HiQ.sudokugenerator.SudokuGeneratorTest" name="testGenerateAndValidateValidSudoku[72]" time="0"/>
  <testcase classname="com.HiQ.sudokugenerator.SudokuGeneratorTest" name="testGenerateaPlaybleEasySudoku[72]" time="0"/>
  <testcase classname="com.HiQ.sudokugenerator.SudokuGeneratorTest" name="testGenerateaPlaybleHardSudoku[72]" time="0"/>
  <testcase classname="com.HiQ.sudokugenerator.SudokuGeneratorTest" name="testGenerateaPlaybleMediumSudoku[72]" time="0"/>
  <testcase classname="com.HiQ.sudokugenerator.SudokuGeneratorTest" name="testGenerateAndInValidateValidSudoku[73]" time="0"/>
  <testcase classname="com.HiQ.sudokugenerator.SudokuGeneratorTest" name="testGenerateAndValidateValidSudoku[73]" time="0"/>
  <testcase classname="com.HiQ.sudokugenerator.SudokuGeneratorTest" name="testGenerateaPlaybleEasySudoku[73]" time="0"/>
  <testcase classname="com.HiQ.sudokugenerator.SudokuGeneratorTest" name="testGenerateaPlaybleHardSudoku[73]" time="0"/>
  <testcase classname="com.HiQ.sudokugenerator.SudokuGeneratorTest" name="testGenerateaPlaybleMediumSudoku[73]" time="0"/>
  <testcase classname="com.HiQ.sudokugenerator.SudokuGeneratorTest" name="testGenerateAndInValidateValidSudoku[74]" time="0"/>
  <testcase classname="com.HiQ.sudokugenerator.SudokuGeneratorTest" name="testGenerateAndValidateValidSudoku[74]" time="0"/>
  <testcase classname="com.HiQ.sudokugenerator.SudokuGeneratorTest" name="testGenerateaPlaybleEasySudoku[74]" time="0"/>
  <testcase classname="com.HiQ.sudokugenerator.SudokuGeneratorTest" name="testGenerateaPlaybleHardSudoku[74]" time="0"/>
  <testcase classname="com.HiQ.sudokugenerator.SudokuGeneratorTest" name="testGenerateaPlaybleMediumSudoku[74]" time="0"/>
  <testcase classname="com.HiQ.sudokugenerator.SudokuGeneratorTest" name="testGenerateAndInValidateValidSudoku[75]" time="0.001"/>
  <testcase classname="com.HiQ.sudokugenerator.SudokuGeneratorTest" name="testGenerateAndValidateValidSudoku[75]" time="0"/>
  <testcase classname="com.HiQ.sudokugenerator.SudokuGeneratorTest" name="testGenerateaPlaybleEasySudoku[75]" time="0.002"/>
  <testcase classname="com.HiQ.sudokugenerator.SudokuGeneratorTest" name="testGenerateaPlaybleHardSudoku[75]" time="0"/>
  <testcase classname="com.HiQ.sudokugenerator.SudokuGeneratorTest" name="testGenerateaPlaybleMediumSudoku[75]" time="0"/>
  <testcase classname="com.HiQ.sudokugenerator.SudokuGeneratorTest" name="testGenerateAndInValidateValidSudoku[76]" time="0"/>
  <testcase classname="com.HiQ.sudokugenerator.SudokuGeneratorTest" name="testGenerateAndValidateValidSudoku[76]" time="0"/>
  <testcase classname="com.HiQ.sudokugenerator.SudokuGeneratorTest" name="testGenerateaPlaybleEasySudoku[76]" time="0"/>
  <testcase classname="com.HiQ.sudokugenerator.SudokuGeneratorTest" name="testGenerateaPlaybleHardSudoku[76]" time="0.001"/>
  <testcase classname="com.HiQ.sudokugenerator.SudokuGeneratorTest" name="testGenerateaPlaybleMediumSudoku[76]" time="0"/>
  <testcase classname="com.HiQ.sudokugenerator.SudokuGeneratorTest" name="testGenerateAndInValidateValidSudoku[77]" time="0.001"/>
  <testcase classname="com.HiQ.sudokugenerator.SudokuGeneratorTest" name="testGenerateAndValidateValidSudoku[77]" time="0"/>
  <testcase classname="com.HiQ.sudokugenerator.SudokuGeneratorTest" name="testGenerateaPlaybleEasySudoku[77]" time="0.001"/>
  <testcase classname="com.HiQ.sudokugenerator.SudokuGeneratorTest" name="testGenerateaPlaybleHardSudoku[77]" time="0"/>
  <testcase classname="com.HiQ.sudokugenerator.SudokuGeneratorTest" name="testGenerateaPlaybleMediumSudoku[77]" time="0.001"/>
  <testcase classname="com.HiQ.sudokugenerator.SudokuGeneratorTest" name="testGenerateAndInValidateValidSudoku[78]" time="0"/>
  <testcase classname="com.HiQ.sudokugenerator.SudokuGeneratorTest" name="testGenerateAndValidateValidSudoku[78]" time="0"/>
  <testcase classname="com.HiQ.sudokugenerator.SudokuGeneratorTest" name="testGenerateaPlaybleEasySudoku[78]" time="0"/>
  <testcase classname="com.HiQ.sudokugenerator.SudokuGeneratorTest" name="testGenerateaPlaybleHardSudoku[78]" time="0.001"/>
  <testcase classname="com.HiQ.sudokugenerator.SudokuGeneratorTest" name="testGenerateaPlaybleMediumSudoku[78]" time="0"/>
  <testcase classname="com.HiQ.sudokugenerator.SudokuGeneratorTest" name="testGenerateAndInValidateValidSudoku[79]" time="0"/>
  <testcase classname="com.HiQ.sudokugenerator.SudokuGeneratorTest" name="testGenerateAndValidateValidSudoku[79]" time="0"/>
  <testcase classname="com.HiQ.sudokugenerator.SudokuGeneratorTest" name="testGenerateaPlaybleEasySudoku[79]" time="0"/>
  <testcase classname="com.HiQ.sudokugenerator.SudokuGeneratorTest" name="testGenerateaPlaybleHardSudoku[79]" time="0.001"/>
  <testcase classname="com.HiQ.sudokugenerator.SudokuGeneratorTest" name="testGenerateaPlaybleMediumSudoku[79]" time="0"/>
  <testcase classname="com.HiQ.sudokugenerator.SudokuGeneratorTest" name="testGenerateAndInValidateValidSudoku[80]" time="0"/>
  <testcase classname="com.HiQ.sudokugenerator.SudokuGeneratorTest" name="testGenerateAndValidateValidSudoku[80]" time="0"/>
  <testcase classname="com.HiQ.sudokugenerator.SudokuGeneratorTest" name="testGenerateaPlaybleEasySudoku[80]" time="0"/>
  <testcase classname="com.HiQ.sudokugenerator.SudokuGeneratorTest" name="testGenerateaPlaybleHardSudoku[80]" time="0"/>
  <testcase classname="com.HiQ.sudokugenerator.SudokuGeneratorTest" name="testGenerateaPlaybleMediumSudoku[80]" time="0"/>
  <testcase classname="com.HiQ.sudokugenerator.SudokuGeneratorTest" name="testGenerateAndInValidateValidSudoku[81]" time="0.001"/>
  <testcase classname="com.HiQ.sudokugenerator.SudokuGeneratorTest" name="testGenerateAndValidateValidSudoku[81]" time="0"/>
  <testcase classname="com.HiQ.sudokugenerator.SudokuGeneratorTest" name="testGenerateaPlaybleEasySudoku[81]" time="0"/>
  <testcase classname="com.HiQ.sudokugenerator.SudokuGeneratorTest" name="testGenerateaPlaybleHardSudoku[81]" time="0.001"/>
  <testcase classname="com.HiQ.sudokugenerator.SudokuGeneratorTest" name="testGenerateaPlaybleMediumSudoku[81]" time="0"/>
  <testcase classname="com.HiQ.sudokugenerator.SudokuGeneratorTest" name="testGenerateAndInValidateValidSudoku[82]" time="0"/>
  <testcase classname="com.HiQ.sudokugenerator.SudokuGeneratorTest" name="testGenerateAndValidateValidSudoku[82]" time="0"/>
  <testcase classname="com.HiQ.sudokugenerator.SudokuGeneratorTest" name="testGenerateaPlaybleEasySudoku[82]" time="0"/>
  <testcase classname="com.HiQ.sudokugenerator.SudokuGeneratorTest" name="testGenerateaPlaybleHardSudoku[82]" time="0.001"/>
  <testcase classname="com.HiQ.sudokugenerator.SudokuGeneratorTest" name="testGenerateaPlaybleMediumSudoku[82]" time="0"/>
  <testcase classname="com.HiQ.sudokugenerator.SudokuGeneratorTest" name="testGenerateAndInValidateValidSudoku[83]" time="0"/>
  <testcase classname="com.HiQ.sudokugenerator.SudokuGeneratorTest" name="testGenerateAndValidateValidSudoku[83]" time="0"/>
  <testcase classname="com.HiQ.sudokugenerator.SudokuGeneratorTest" name="testGenerateaPlaybleEasySudoku[83]" time="0"/>
  <testcase classname="com.HiQ.sudokugenerator.SudokuGeneratorTest" name="testGenerateaPlaybleHardSudoku[83]" time="0"/>
  <testcase classname="com.HiQ.sudokugenerator.SudokuGeneratorTest" name="testGenerateaPlaybleMediumSudoku[83]" time="0.001"/>
  <testcase classname="com.HiQ.sudokugenerator.SudokuGeneratorTest" name="testGenerateAndInValidateValidSudoku[84]" time="0"/>
  <testcase classname="com.HiQ.sudokugenerator.SudokuGeneratorTest" name="testGenerateAndValidateValidSudoku[84]" time="0"/>
  <testcase classname="com.HiQ.sudokugenerator.SudokuGeneratorTest" name="testGenerateaPlaybleEasySudoku[84]" time="0.001"/>
  <testcase classname="com.HiQ.sudokugenerator.SudokuGeneratorTest" name="testGenerateaPlaybleHardSudoku[84]" time="0"/>
  <testcase classname="com.HiQ.sudokugenerator.SudokuGeneratorTest" name="testGenerateaPlaybleMediumSudoku[84]" time="0.003"/>
  <testcase classname="com.HiQ.sudokugenerator.SudokuGeneratorTest" name="testGenerateAndInValidateValidSudoku[85]" time="0"/>
  <testcase classname="com.HiQ.sudokugenerator.SudokuGeneratorTest" name="testGenerateAndValidateValidSudoku[85]" time="0"/>
  <testcase classname="com.HiQ.sudokugenerator.SudokuGeneratorTest" name="testGenerateaPlaybleEasySudoku[85]" time="0"/>
  <testcase classname="com.HiQ.sudokugenerator.SudokuGeneratorTest" name="testGenerateaPlaybleHardSudoku[85]" time="0"/>
  <testcase classname="com.HiQ.sudokugenerator.SudokuGeneratorTest" name="testGenerateaPlaybleMediumSudoku[85]" time="0"/>
  <testcase classname="com.HiQ.sudokugenerator.SudokuGeneratorTest" name="testGenerateAndInValidateValidSudoku[86]" time="0"/>
  <testcase classname="com.HiQ.sudokugenerator.SudokuGeneratorTest" name="testGenerateAndValidateValidSudoku[86]" time="0"/>
  <testcase classname="com.HiQ.sudokugenerator.SudokuGeneratorTest" name="testGenerateaPlaybleEasySudoku[86]" time="0"/>
  <testcase classname="com.HiQ.sudokugenerator.SudokuGeneratorTest" name="testGenerateaPlaybleHardSudoku[86]" time="0.001"/>
  <testcase classname="com.HiQ.sudokugenerator.SudokuGeneratorTest" name="testGenerateaPlaybleMediumSudoku[86]" time="0"/>
  <testcase classname="com.HiQ.sudokugenerator.SudokuGeneratorTest" name="testGenerateAndInValidateValidSudoku[87]" time="0"/>
  <testcase classname="com.HiQ.sudokugenerator.SudokuGeneratorTest" name="testGenerateAndValidateValidSudoku[87]" time="0"/>
  <testcase classname="com.HiQ.sudokugenerator.SudokuGeneratorTest" name="testGenerateaPlaybleEasySudoku[87]" time="0"/>
  <testcase classname="com.HiQ.sudokugenerator.SudokuGeneratorTest" name="testGenerateaPlaybleHardSudoku[87]" time="0.001"/>
  <testcase classname="com.HiQ.sudokugenerator.SudokuGeneratorTest" name="testGenerateaPlaybleMediumSudoku[87]" time="0"/>
  <testcase classname="com.HiQ.sudokugenerator.SudokuGeneratorTest" name="testGenerateAndInValidateValidSudoku[88]" time="0"/>
  <testcase classname="com.HiQ.sudokugenerator.SudokuGeneratorTest" name="testGenerateAndValidateValidSudoku[88]" time="0"/>
  <testcase classname="com.HiQ.sudokugenerator.SudokuGeneratorTest" name="testGenerateaPlaybleEasySudoku[88]" time="0.001"/>
  <testcase classname="com.HiQ.sudokugenerator.SudokuGeneratorTest" name="testGenerateaPlaybleHardSudoku[88]" time="0"/>
  <testcase classname="com.HiQ.sudokugenerator.SudokuGeneratorTest" name="testGenerateaPlaybleMediumSudoku[88]" time="0.065"/>
  <testcase classname="com.HiQ.sudokugenerator.SudokuGeneratorTest" name="testGenerateAndInValidateValidSudoku[89]" time="0"/>
  <testcase classname="com.HiQ.sudokugenerator.SudokuGeneratorTest" name="testGenerateAndValidateValidSudoku[89]" time="0"/>
  <testcase classname="com.HiQ.sudokugenerator.SudokuGeneratorTest" name="testGenerateaPlaybleEasySudoku[89]" time="0"/>
  <testcase classname="com.HiQ.sudokugenerator.SudokuGeneratorTest" name="testGenerateaPlaybleHardSudoku[89]" time="0.001"/>
  <testcase classname="com.HiQ.sudokugenerator.SudokuGeneratorTest" name="testGenerateaPlaybleMediumSudoku[89]" time="0.007"/>
  <testcase classname="com.HiQ.sudokugenerator.SudokuGeneratorTest" name="testGenerateAndInValidateValidSudoku[90]" time="0"/>
  <testcase classname="com.HiQ.sudokugenerator.SudokuGeneratorTest" name="testGenerateAndValidateValidSudoku[90]" time="0"/>
  <testcase classname="com.HiQ.sudokugenerator.SudokuGeneratorTest" name="testGenerateaPlaybleEasySudoku[90]" time="0"/>
  <testcase classname="com.HiQ.sudokugenerator.SudokuGeneratorTest" name="testGenerateaPlaybleHardSudoku[90]" time="0"/>
  <testcase classname="com.HiQ.sudokugenerator.SudokuGeneratorTest" name="testGenerateaPlaybleMediumSudoku[90]" time="0"/>
  <testcase classname="com.HiQ.sudokugenerator.SudokuGeneratorTest" name="testGenerateAndInValidateValidSudoku[91]" time="0"/>
  <testcase classname="com.HiQ.sudokugenerator.SudokuGeneratorTest" name="testGenerateAndValidateValidSudoku[91]" time="0"/>
  <testcase classname="com.HiQ.sudokugenerator.SudokuGeneratorTest" name="testGenerateaPlaybleEasySudoku[91]" time="0"/>
  <testcase classname="com.HiQ.sudokugenerator.SudokuGeneratorTest" name="testGenerateaPlaybleHardSudoku[91]" time="0"/>
  <testcase classname="com.HiQ.sudokugenerator.SudokuGeneratorTest" name="testGenerateaPlaybleMediumSudoku[91]" time="0"/>
  <testcase classname="com.HiQ.sudokugenerator.SudokuGeneratorTest" name="testGenerateAndInValidateValidSudoku[92]" time="0"/>
  <testcase classname="com.HiQ.sudokugenerator.SudokuGeneratorTest" name="testGenerateAndValidateValidSudoku[92]" time="0"/>
  <testcase classname="com.HiQ.sudokugenerator.SudokuGeneratorTest" name="testGenerateaPlaybleEasySudoku[92]" time="0"/>
  <testcase classname="com.HiQ.sudokugenerator.SudokuGeneratorTest" name="testGenerateaPlaybleHardSudoku[92]" time="0"/>
  <testcase classname="com.HiQ.sudokugenerator.SudokuGeneratorTest" name="testGenerateaPlaybleMediumSudoku[92]" time="0"/>
  <testcase classname="com.HiQ.sudokugenerator.SudokuGeneratorTest" name="testGenerateAndInValidateValidSudoku[93]" time="0"/>
  <testcase classname="com.HiQ.sudokugenerator.SudokuGeneratorTest" name="testGenerateAndValidateValidSudoku[93]" time="0"/>
  <testcase classname="com.HiQ.sudokugenerator.SudokuGeneratorTest" name="testGenerateaPlaybleEasySudoku[93]" time="0"/>
  <testcase classname="com.HiQ.sudokugenerator.SudokuGeneratorTest" name="testGenerateaPlaybleHardSudoku[93]" time="0"/>
  <testcase classname="com.HiQ.sudokugenerator.SudokuGeneratorTest" name="testGenerateaPlaybleMediumSudoku[93]" time="0"/>
  <testcase classname="com.HiQ.sudokugenerator.SudokuGeneratorTest" name="testGenerateAndInValidateValidSudoku[94]" time="0"/>
  <testcase classname="com.HiQ.sudokugenerator.SudokuGeneratorTest" name="testGenerateAndValidateValidSudoku[94]" time="0"/>
  <testcase classname="com.HiQ.sudokugenerator.SudokuGeneratorTest" name="testGenerateaPlaybleEasySudoku[94]" time="0"/>
  <testcase classname="com.HiQ.sudokugenerator.SudokuGeneratorTest" name="testGenerateaPlaybleHardSudoku[94]" time="0"/>
  <testcase classname="com.HiQ.sudokugenerator.SudokuGeneratorTest" name="testGenerateaPlaybleMediumSudoku[94]" time="0"/>
  <testcase classname="com.HiQ.sudokugenerator.SudokuGeneratorTest" name="testGenerateAndInValidateValidSudoku[95]" time="0"/>
  <testcase classname="com.HiQ.sudokugenerator.SudokuGeneratorTest" name="testGenerateAndValidateValidSudoku[95]" time="0"/>
  <testcase classname="com.HiQ.sudokugenerator.SudokuGeneratorTest" name="testGenerateaPlaybleEasySudoku[95]" time="0"/>
  <testcase classname="com.HiQ.sudokugenerator.SudokuGeneratorTest" name="testGenerateaPlaybleHardSudoku[95]" time="0"/>
  <testcase classname="com.HiQ.sudokugenerator.SudokuGeneratorTest" name="testGenerateaPlaybleMediumSudoku[95]" time="0"/>
  <testcase classname="com.HiQ.sudokugenerator.SudokuGeneratorTest" name="testGenerateAndInValidateValidSudoku[96]" time="0"/>
  <testcase classname="com.HiQ.sudokugenerator.SudokuGeneratorTest" name="testGenerateAndValidateValidSudoku[96]" time="0"/>
  <testcase classname="com.HiQ.sudokugenerator.SudokuGeneratorTest" name="testGenerateaPlaybleEasySudoku[96]" time="0"/>
  <testcase classname="com.HiQ.sudokugenerator.SudokuGeneratorTest" name="testGenerateaPlaybleHardSudoku[96]" time="0"/>
  <testcase classname="com.HiQ.sudokugenerator.SudokuGeneratorTest" name="testGenerateaPlaybleMediumSudoku[96]" time="0"/>
  <testcase classname="com.HiQ.sudokugenerator.SudokuGeneratorTest" name="testGenerateAndInValidateValidSudoku[97]" time="0"/>
  <testcase classname="com.HiQ.sudokugenerator.SudokuGeneratorTest" name="testGenerateAndValidateValidSudoku[97]" time="0"/>
  <testcase classname="com.HiQ.sudokugenerator.SudokuGeneratorTest" name="testGenerateaPlaybleEasySudoku[97]" time="0"/>
  <testcase classname="com.HiQ.sudokugenerator.SudokuGeneratorTest" name="testGenerateaPlaybleHardSudoku[97]" time="0"/>
  <testcase classname="com.HiQ.sudokugenerator.SudokuGeneratorTest" name="testGenerateaPlaybleMediumSudoku[97]" time="0"/>
  <testcase classname="com.HiQ.sudokugenerator.SudokuGeneratorTest" name="testGenerateAndInValidateValidSudoku[98]" time="0"/>
  <testcase classname="com.HiQ.sudokugenerator.SudokuGeneratorTest" name="testGenerateAndValidateValidSudoku[98]" time="0"/>
  <testcase classname="com.HiQ.sudokugenerator.SudokuGeneratorTest" name="testGenerateaPlaybleEasySudoku[98]" time="0"/>
  <testcase classname="com.HiQ.sudokugenerator.SudokuGeneratorTest" name="testGenerateaPlaybleHardSudoku[98]" time="0"/>
  <testcase classname="com.HiQ.sudokugenerator.SudokuGeneratorTest" name="testGenerateaPlaybleMediumSudoku[98]" time="0"/>
  <testcase classname="com.HiQ.sudokugenerator.SudokuGeneratorTest" name="testGenerateAndInValidateValidSudoku[99]" time="0"/>
  <testcase classname="com.HiQ.sudokugenerator.SudokuGeneratorTest" name="testGenerateAndValidateValidSudoku[99]" time="0"/>
  <testcase classname="com.HiQ.sudokugenerator.SudokuGeneratorTest" name="testGenerateaPlaybleEasySudoku[99]" time="0"/>
  <testcase classname="com.HiQ.sudokugenerator.SudokuGeneratorTest" name="testGenerateaPlaybleHardSudoku[99]" time="0"/>
  <testcase classname="com.HiQ.sudokugenerator.SudokuGeneratorTest" name="testGenerateaPlaybleMediumSudoku[99]" time="0.001"/>
  <testcase classname="com.HiQ.sudokugenerator.SudokuGeneratorTest" name="testGenerateAndInValidateValidSudoku[100]" time="0"/>
  <testcase classname="com.HiQ.sudokugenerator.SudokuGeneratorTest" name="testGenerateAndValidateValidSudoku[100]" time="0"/>
  <testcase classname="com.HiQ.sudokugenerator.SudokuGeneratorTest" name="testGenerateaPlaybleEasySudoku[100]" time="0"/>
  <testcase classname="com.HiQ.sudokugenerator.SudokuGeneratorTest" name="testGenerateaPlaybleHardSudoku[100]" time="0"/>
  <testcase classname="com.HiQ.sudokugenerator.SudokuGeneratorTest" name="testGenerateaPlaybleMediumSudoku[100]" time="0"/>
  <testcase classname="com.HiQ.sudokugenerator.SudokuGeneratorTest" name="testGenerateAndInValidateValidSudoku[101]" time="0.001"/>
  <testcase classname="com.HiQ.sudokugenerator.SudokuGeneratorTest" name="testGenerateAndValidateValidSudoku[101]" time="0"/>
  <testcase classname="com.HiQ.sudokugenerator.SudokuGeneratorTest" name="testGenerateaPlaybleEasySudoku[101]" time="0"/>
  <testcase classname="com.HiQ.sudokugenerator.SudokuGeneratorTest" name="testGenerateaPlaybleHardSudoku[101]" time="0"/>
  <testcase classname="com.HiQ.sudokugenerator.SudokuGeneratorTest" name="testGenerateaPlaybleMediumSudoku[101]" time="0"/>
  <testcase classname="com.HiQ.sudokugenerator.SudokuGeneratorTest" name="testGenerateAndInValidateValidSudoku[102]" time="0"/>
  <testcase classname="com.HiQ.sudokugenerator.SudokuGeneratorTest" name="testGenerateAndValidateValidSudoku[102]" time="0"/>
  <testcase classname="com.HiQ.sudokugenerator.SudokuGeneratorTest" name="testGenerateaPlaybleEasySudoku[102]" time="0"/>
  <testcase classname="com.HiQ.sudokugenerator.SudokuGeneratorTest" name="testGenerateaPlaybleHardSudoku[102]" time="0"/>
  <testcase classname="com.HiQ.sudokugenerator.SudokuGeneratorTest" name="testGenerateaPlaybleMediumSudoku[102]" time="0"/>
  <testcase classname="com.HiQ.sudokugenerator.SudokuGeneratorTest" name="testGenerateAndInValidateValidSudoku[103]" time="0"/>
  <testcase classname="com.HiQ.sudokugenerator.SudokuGeneratorTest" name="testGenerateAndValidateValidSudoku[103]" time="0"/>
  <testcase classname="com.HiQ.sudokugenerator.SudokuGeneratorTest" name="testGenerateaPlaybleEasySudoku[103]" time="0.002"/>
  <testcase classname="com.HiQ.sudokugenerator.SudokuGeneratorTest" name="testGenerateaPlaybleHardSudoku[103]" time="0"/>
  <testcase classname="com.HiQ.sudokugenerator.SudokuGeneratorTest" name="testGenerateaPlaybleMediumSudoku[103]" time="0"/>
  <testcase classname="com.HiQ.sudokugenerator.SudokuGeneratorTest" name="testGenerateAndInValidateValidSudoku[104]" time="0"/>
  <testcase classname="com.HiQ.sudokugenerator.SudokuGeneratorTest" name="testGenerateAndValidateValidSudoku[104]" time="0"/>
  <testcase classname="com.HiQ.sudokugenerator.SudokuGeneratorTest" name="testGenerateaPlaybleEasySudoku[104]" time="0"/>
  <testcase classname="com.HiQ.sudokugenerator.SudokuGeneratorTest" name="testGenerateaPlaybleHardSudoku[104]" time="0.001"/>
  <testcase classname="com.HiQ.sudokugenerator.SudokuGeneratorTest" name="testGenerateaPlaybleMediumSudoku[104]" time="0"/>
  <testcase classname="com.HiQ.sudokugenerator.SudokuGeneratorTest" name="testGenerateAndInValidateValidSudoku[105]" time="0"/>
  <testcase classname="com.HiQ.sudokugenerator.SudokuGeneratorTest" name="testGenerateAndValidateValidSudoku[105]" time="0"/>
  <testcase classname="com.HiQ.sudokugenerator.SudokuGeneratorTest" name="testGenerateaPlaybleEasySudoku[105]" time="0"/>
  <testcase classname="com.HiQ.sudokugenerator.SudokuGeneratorTest" name="testGenerateaPlaybleHardSudoku[105]" time="0"/>
  <testcase classname="com.HiQ.sudokugenerator.SudokuGeneratorTest" name="testGenerateaPlaybleMediumSudoku[105]" time="0"/>
  <testcase classname="com.HiQ.sudokugenerator.SudokuGeneratorTest" name="testGenerateAndInValidateValidSudoku[106]" time="0"/>
  <testcase classname="com.HiQ.sudokugenerator.SudokuGeneratorTest" name="testGenerateAndValidateValidSudoku[106]" time="0"/>
  <testcase classname="com.HiQ.sudokugenerator.SudokuGeneratorTest" name="testGenerateaPlaybleEasySudoku[106]" time="0"/>
  <testcase classname="com.HiQ.sudokugenerator.SudokuGeneratorTest" name="testGenerateaPlaybleHardSudoku[106]" time="0"/>
  <testcase classname="com.HiQ.sudokugenerator.SudokuGeneratorTest" name="testGenerateaPlaybleMediumSudoku[106]" time="0"/>
  <testcase classname="com.HiQ.sudokugenerator.SudokuGeneratorTest" name="testGenerateAndInValidateValidSudoku[107]" time="0"/>
  <testcase classname="com.HiQ.sudokugenerator.SudokuGeneratorTest" name="testGenerateAndValidateValidSudoku[107]" time="0"/>
  <testcase classname="com.HiQ.sudokugenerator.SudokuGeneratorTest" name="testGenerateaPlaybleEasySudoku[107]" time="0"/>
  <testcase classname="com.HiQ.sudokugenerator.SudokuGeneratorTest" name="testGenerateaPlaybleHardSudoku[107]" time="0"/>
  <testcase classname="com.HiQ.sudokugenerator.SudokuGeneratorTest" name="testGenerateaPlaybleMediumSudoku[107]" time="0"/>
  <testcase classname="com.HiQ.sudokugenerator.SudokuGeneratorTest" name="testGenerateAndInValidateValidSudoku[108]" time="0"/>
  <testcase classname="com.HiQ.sudokugenerator.SudokuGeneratorTest" name="testGenerateAndValidateValidSudoku[108]" time="0"/>
  <testcase classname="com.HiQ.sudokugenerator.SudokuGeneratorTest" name="testGenerateaPlaybleEasySudoku[108]" time="0"/>
  <testcase classname="com.HiQ.sudokugenerator.SudokuGeneratorTest" name="testGenerateaPlaybleHardSudoku[108]" time="0"/>
  <testcase classname="com.HiQ.sudokugenerator.SudokuGeneratorTest" name="testGenerateaPlaybleMediumSudoku[108]" time="0"/>
  <testcase classname="com.HiQ.sudokugenerator.SudokuGeneratorTest" name="testGenerateAndInValidateValidSudoku[109]" time="0"/>
  <testcase classname="com.HiQ.sudokugenerator.SudokuGeneratorTest" name="testGenerateAndValidateValidSudoku[109]" time="0"/>
  <testcase classname="com.HiQ.sudokugenerator.SudokuGeneratorTest" name="testGenerateaPlaybleEasySudoku[109]" time="0"/>
  <testcase classname="com.HiQ.sudokugenerator.SudokuGeneratorTest" name="testGenerateaPlaybleHardSudoku[109]" time="0"/>
  <testcase classname="com.HiQ.sudokugenerator.SudokuGeneratorTest" name="testGenerateaPlaybleMediumSudoku[109]" time="0"/>
  <testcase classname="com.HiQ.sudokugenerator.SudokuGeneratorTest" name="testGenerateAndInValidateValidSudoku[110]" time="0"/>
  <testcase classname="com.HiQ.sudokugenerator.SudokuGeneratorTest" name="testGenerateAndValidateValidSudoku[110]" time="0"/>
  <testcase classname="com.HiQ.sudokugenerator.SudokuGeneratorTest" name="testGenerateaPlaybleEasySudoku[110]" time="0"/>
  <testcase classname="com.HiQ.sudokugenerator.SudokuGeneratorTest" name="testGenerateaPlaybleHardSudoku[110]" time="0"/>
  <testcase classname="com.HiQ.sudokugenerator.SudokuGeneratorTest" name="testGenerateaPlaybleMediumSudoku[110]" time="0"/>
  <testcase classname="com.HiQ.sudokugenerator.SudokuGeneratorTest" name="testGenerateAndInValidateValidSudoku[111]" time="0"/>
  <testcase classname="com.HiQ.sudokugenerator.SudokuGeneratorTest" name="testGenerateAndValidateValidSudoku[111]" time="0"/>
  <testcase classname="com.HiQ.sudokugenerator.SudokuGeneratorTest" name="testGenerateaPlaybleEasySudoku[111]" time="0"/>
  <testcase classname="com.HiQ.sudokugenerator.SudokuGeneratorTest" name="testGenerateaPlaybleHardSudoku[111]" time="0"/>
  <testcase classname="com.HiQ.sudokugenerator.SudokuGeneratorTest" name="testGenerateaPlaybleMediumSudoku[111]" time="0.001"/>
  <testcase classname="com.HiQ.sudokugenerator.SudokuGeneratorTest" name="testGenerateAndInValidateValidSudoku[112]" time="0"/>
  <testcase classname="com.HiQ.sudokugenerator.SudokuGeneratorTest" name="testGenerateAndValidateValidSudoku[112]" time="0"/>
  <testcase classname="com.HiQ.sudokugenerator.SudokuGeneratorTest" name="testGenerateaPlaybleEasySudoku[112]" time="0"/>
  <testcase classname="com.HiQ.sudokugenerator.SudokuGeneratorTest" name="testGenerateaPlaybleHardSudoku[112]" time="0"/>
  <testcase classname="com.HiQ.sudokugenerator.SudokuGeneratorTest" name="testGenerateaPlaybleMediumSudoku[112]" time="0"/>
  <testcase classname="com.HiQ.sudokugenerator.SudokuGeneratorTest" name="testGenerateAndInValidateValidSudoku[113]" time="0"/>
  <testcase classname="com.HiQ.sudokugenerator.SudokuGeneratorTest" name="testGenerateAndValidateValidSudoku[113]" time="0"/>
  <testcase classname="com.HiQ.sudokugenerator.SudokuGeneratorTest" name="testGenerateaPlaybleEasySudoku[113]" time="0"/>
  <testcase classname="com.HiQ.sudokugenerator.SudokuGeneratorTest" name="testGenerateaPlaybleHardSudoku[113]" time="0"/>
  <testcase classname="com.HiQ.sudokugenerator.SudokuGeneratorTest" name="testGenerateaPlaybleMediumSudoku[113]" time="0"/>
  <testcase classname="com.HiQ.sudokugenerator.SudokuGeneratorTest" name="testGenerateAndInValidateValidSudoku[114]" time="0"/>
  <testcase classname="com.HiQ.sudokugenerator.SudokuGeneratorTest" name="testGenerateAndValidateValidSudoku[114]" time="0"/>
  <testcase classname="com.HiQ.sudokugenerator.SudokuGeneratorTest" name="testGenerateaPlaybleEasySudoku[114]" time="0"/>
  <testcase classname="com.HiQ.sudokugenerator.SudokuGeneratorTest" name="testGenerateaPlaybleHardSudoku[114]" time="0"/>
  <testcase classname="com.HiQ.sudokugenerator.SudokuGeneratorTest" name="testGenerateaPlaybleMediumSudoku[114]" time="0"/>
  <testcase classname="com.HiQ.sudokugenerator.SudokuGeneratorTest" name="testGenerateAndInValidateValidSudoku[115]" time="0"/>
  <testcase classname="com.HiQ.sudokugenerator.SudokuGeneratorTest" name="testGenerateAndValidateValidSudoku[115]" time="0"/>
  <testcase classname="com.HiQ.sudokugenerator.SudokuGeneratorTest" name="testGenerateaPlaybleEasySudoku[115]" time="0"/>
  <testcase classname="com.HiQ.sudokugenerator.SudokuGeneratorTest" name="testGenerateaPlaybleHardSudoku[115]" time="0"/>
  <testcase classname="com.HiQ.sudokugenerator.SudokuGeneratorTest" name="testGenerateaPlaybleMediumSudoku[115]" time="0"/>
  <testcase classname="com.HiQ.sudokugenerator.SudokuGeneratorTest" name="testGenerateAndInValidateValidSudoku[116]" time="0"/>
  <testcase classname="com.HiQ.sudokugenerator.SudokuGeneratorTest" name="testGenerateAndValidateValidSudoku[116]" time="0"/>
  <testcase classname="com.HiQ.sudokugenerator.SudokuGeneratorTest" name="testGenerateaPlaybleEasySudoku[116]" time="0"/>
  <testcase classname="com.HiQ.sudokugenerator.SudokuGeneratorTest" name="testGenerateaPlaybleHardSudoku[116]" time="0"/>
  <testcase classname="com.HiQ.sudokugenerator.SudokuGeneratorTest" name="testGenerateaPlaybleMediumSudoku[116]" time="0"/>
  <testcase classname="com.HiQ.sudokugenerator.SudokuGeneratorTest" name="testGenerateAndInValidateValidSudoku[117]" time="0"/>
  <testcase classname="com.HiQ.sudokugenerator.SudokuGeneratorTest" name="testGenerateAndValidateValidSudoku[117]" time="0"/>
  <testcase classname="com.HiQ.sudokugenerator.SudokuGeneratorTest" name="testGenerateaPlaybleEasySudoku[117]" time="0.001"/>
  <testcase classname="com.HiQ.sudokugenerator.SudokuGeneratorTest" name="testGenerateaPlaybleHardSudoku[117]" time="0.042"/>
  <testcase classname="com.HiQ.sudokugenerator.SudokuGeneratorTest" name="testGenerateaPlaybleMediumSudoku[117]" time="0"/>
  <testcase classname="com.HiQ.sudokugenerator.SudokuGeneratorTest" name="testGenerateAndInValidateValidSudoku[118]" time="0"/>
  <testcase classname="com.HiQ.sudokugenerator.SudokuGeneratorTest" name="testGenerateAndValidateValidSudoku[118]" time="0"/>
  <testcase classname="com.HiQ.sudokugenerator.SudokuGeneratorTest" name="testGenerateaPlaybleEasySudoku[118]" time="0"/>
  <testcase classname="com.HiQ.sudokugenerator.SudokuGeneratorTest" name="testGenerateaPlaybleHardSudoku[118]" time="0"/>
  <testcase classname="com.HiQ.sudokugenerator.SudokuGeneratorTest" name="testGenerateaPlaybleMediumSudoku[118]" time="0"/>
  <testcase classname="com.HiQ.sudokugenerator.SudokuGeneratorTest" name="testGenerateAndInValidateValidSudoku[119]" time="0"/>
  <testcase classname="com.HiQ.sudokugenerator.SudokuGeneratorTest" name="testGenerateAndValidateValidSudoku[119]" time="0"/>
  <testcase classname="com.HiQ.sudokugenerator.SudokuGeneratorTest" name="testGenerateaPlaybleEasySudoku[119]" time="0"/>
  <testcase classname="com.HiQ.sudokugenerator.SudokuGeneratorTest" name="testGenerateaPlaybleHardSudoku[119]" time="0"/>
  <testcase classname="com.HiQ.sudokugenerator.SudokuGeneratorTest" name="testGenerateaPlaybleMediumSudoku[119]" time="0"/>
  <testcase classname="com.HiQ.sudokugenerator.SudokuGeneratorTest" name="testGenerateAndInValidateValidSudoku[120]" time="0"/>
  <testcase classname="com.HiQ.sudokugenerator.SudokuGeneratorTest" name="testGenerateAndValidateValidSudoku[120]" time="0"/>
  <testcase classname="com.HiQ.sudokugenerator.SudokuGeneratorTest" name="testGenerateaPlaybleEasySudoku[120]" time="0"/>
  <testcase classname="com.HiQ.sudokugenerator.SudokuGeneratorTest" name="testGenerateaPlaybleHardSudoku[120]" time="0"/>
  <testcase classname="com.HiQ.sudokugenerator.SudokuGeneratorTest" name="testGenerateaPlaybleMediumSudoku[120]" time="0"/>
  <testcase classname="com.HiQ.sudokugenerator.SudokuGeneratorTest" name="testGenerateAndInValidateValidSudoku[121]" time="0"/>
  <testcase classname="com.HiQ.sudokugenerator.SudokuGeneratorTest" name="testGenerateAndValidateValidSudoku[121]" time="0"/>
  <testcase classname="com.HiQ.sudokugenerator.SudokuGeneratorTest" name="testGenerateaPlaybleEasySudoku[121]" time="0"/>
  <testcase classname="com.HiQ.sudokugenerator.SudokuGeneratorTest" name="testGenerateaPlaybleHardSudoku[121]" time="0"/>
  <testcase classname="com.HiQ.sudokugenerator.SudokuGeneratorTest" name="testGenerateaPlaybleMediumSudoku[121]" time="0"/>
  <testcase classname="com.HiQ.sudokugenerator.SudokuGeneratorTest" name="testGenerateAndInValidateValidSudoku[122]" time="0"/>
  <testcase classname="com.HiQ.sudokugenerator.SudokuGeneratorTest" name="testGenerateAndValidateValidSudoku[122]" time="0"/>
  <testcase classname="com.HiQ.sudokugenerator.SudokuGeneratorTest" name="testGenerateaPlaybleEasySudoku[122]" time="0"/>
  <testcase classname="com.HiQ.sudokugenerator.SudokuGeneratorTest" name="testGenerateaPlaybleHardSudoku[122]" time="0"/>
  <testcase classname="com.HiQ.sudokugenerator.SudokuGeneratorTest" name="testGenerateaPlaybleMediumSudoku[122]" time="0"/>
  <testcase classname="com.HiQ.sudokugenerator.SudokuGeneratorTest" name="testGenerateAndInValidateValidSudoku[123]" time="0"/>
  <testcase classname="com.HiQ.sudokugenerator.SudokuGeneratorTest" name="testGenerateAndValidateValidSudoku[123]" time="0"/>
  <testcase classname="com.HiQ.sudokugenerator.SudokuGeneratorTest" name="testGenerateaPlaybleEasySudoku[123]" time="0"/>
  <testcase classname="com.HiQ.sudokugenerator.SudokuGeneratorTest" name="testGenerateaPlaybleHardSudoku[123]" time="0"/>
  <testcase classname="com.HiQ.sudokugenerator.SudokuGeneratorTest" name="testGenerateaPlaybleMediumSudoku[123]" time="0"/>
  <testcase classname="com.HiQ.sudokugenerator.SudokuGeneratorTest" name="testGenerateAndInValidateValidSudoku[124]" time="0"/>
  <testcase classname="com.HiQ.sudokugenerator.SudokuGeneratorTest" name="testGenerateAndValidateValidSudoku[124]" time="0"/>
  <testcase classname="com.HiQ.sudokugenerator.SudokuGeneratorTest" name="testGenerateaPlaybleEasySudoku[124]" time="0"/>
  <testcase classname="com.HiQ.sudokugenerator.SudokuGeneratorTest" name="testGenerateaPlaybleHardSudoku[124]" time="0"/>
  <testcase classname="com.HiQ.sudokugenerator.SudokuGeneratorTest" name="testGenerateaPlaybleMediumSudoku[124]" time="0"/>
  <testcase classname="com.HiQ.sudokugenerator.SudokuGeneratorTest" name="testGenerateAndInValidateValidSudoku[125]" time="0"/>
  <testcase classname="com.HiQ.sudokugenerator.SudokuGeneratorTest" name="testGenerateAndValidateValidSudoku[125]" time="0"/>
  <testcase classname="com.HiQ.sudokugenerator.SudokuGeneratorTest" name="testGenerateaPlaybleEasySudoku[125]" time="0"/>
  <testcase classname="com.HiQ.sudokugenerator.SudokuGeneratorTest" name="testGenerateaPlaybleHardSudoku[125]" time="0"/>
  <testcase classname="com.HiQ.sudokugenerator.SudokuGeneratorTest" name="testGenerateaPlaybleMediumSudoku[125]" time="0"/>
  <testcase classname="com.HiQ.sudokugenerator.SudokuGeneratorTest" name="testGenerateAndInValidateValidSudoku[126]" time="0"/>
  <testcase classname="com.HiQ.sudokugenerator.SudokuGeneratorTest" name="testGenerateAndValidateValidSudoku[126]" time="0"/>
  <testcase classname="com.HiQ.sudokugenerator.SudokuGeneratorTest" name="testGenerateaPlaybleEasySudoku[126]" time="0"/>
  <testcase classname="com.HiQ.sudokugenerator.SudokuGeneratorTest" name="testGenerateaPlaybleHardSudoku[126]" time="0"/>
  <testcase classname="com.HiQ.sudokugenerator.SudokuGeneratorTest" name="testGenerateaPlaybleMediumSudoku[126]" time="0"/>
  <testcase classname="com.HiQ.sudokugenerator.SudokuGeneratorTest" name="testGenerateAndInValidateValidSudoku[127]" time="0"/>
  <testcase classname="com.HiQ.sudokugenerator.SudokuGeneratorTest" name="testGenerateAndValidateValidSudoku[127]" time="0"/>
  <testcase classname="com.HiQ.sudokugenerator.SudokuGeneratorTest" name="testGenerateaPlaybleEasySudoku[127]" time="0"/>
  <testcase classname="com.HiQ.sudokugenerator.SudokuGeneratorTest" name="testGenerateaPlaybleHardSudoku[127]" time="0"/>
  <testcase classname="com.HiQ.sudokugenerator.SudokuGeneratorTest" name="testGenerateaPlaybleMediumSudoku[127]" time="0"/>
  <testcase classname="com.HiQ.sudokugenerator.SudokuGeneratorTest" name="testGenerateAndInValidateValidSudoku[128]" time="0"/>
  <testcase classname="com.HiQ.sudokugenerator.SudokuGeneratorTest" name="testGenerateAndValidateValidSudoku[128]" time="0"/>
  <testcase classname="com.HiQ.sudokugenerator.SudokuGeneratorTest" name="testGenerateaPlaybleEasySudoku[128]" time="0"/>
  <testcase classname="com.HiQ.sudokugenerator.SudokuGeneratorTest" name="testGenerateaPlaybleHardSudoku[128]" time="0"/>
[...]
  <testcase classname="com.HiQ.sudokugenerator.SudokuGeneratorTest" name="testGenerateAndInValidateValidSudoku[968]" time="0"/>
  <testcase classname="com.HiQ.sudokugenerator.SudokuGeneratorTest" name="testGenerateAndValidateValidSudoku[968]" time="0"/>
  <testcase classname="com.HiQ.sudokugenerator.SudokuGeneratorTest" name="testGenerateaPlaybleEasySudoku[968]" time="0"/>
  <testcase classname="com.HiQ.sudokugenerator.SudokuGeneratorTest" name="testGenerateaPlaybleHardSudoku[968]" time="0"/>
  <testcase classname="com.HiQ.sudokugenerator.SudokuGeneratorTest" name="testGenerateaPlaybleMediumSudoku[968]" time="0"/>
  <testcase classname="com.HiQ.sudokugenerator.SudokuGeneratorTest" name="testGenerateAndInValidateValidSudoku[969]" time="0"/>
  <testcase classname="com.HiQ.sudokugenerator.SudokuGeneratorTest" name="testGenerateAndValidateValidSudoku[969]" time="0"/>
  <testcase classname="com.HiQ.sudokugenerator.SudokuGeneratorTest" name="testGenerateaPlaybleEasySudoku[969]" time="0"/>
  <testcase classname="com.HiQ.sudokugenerator.SudokuGeneratorTest" name="testGenerateaPlaybleHardSudoku[969]" time="0"/>
  <testcase classname="com.HiQ.sudokugenerator.SudokuGeneratorTest" name="testGenerateaPlaybleMediumSudoku[969]" time="0"/>
  <testcase classname="com.HiQ.sudokugenerator.SudokuGeneratorTest" name="testGenerateAndInValidateValidSudoku[970]" time="0"/>
  <testcase classname="com.HiQ.sudokugenerator.SudokuGeneratorTest" name="testGenerateAndValidateValidSudoku[970]" time="0"/>
  <testcase classname="com.HiQ.sudokugenerator.SudokuGeneratorTest" name="testGenerateaPlaybleEasySudoku[970]" time="0"/>
  <testcase classname="com.HiQ.sudokugenerator.SudokuGeneratorTest" name="testGenerateaPlaybleHardSudoku[970]" time="0"/>
  <testcase classname="com.HiQ.sudokugenerator.SudokuGeneratorTest" name="testGenerateaPlaybleMediumSudoku[970]" time="0"/>
  <testcase classname="com.HiQ.sudokugenerator.SudokuGeneratorTest" name="testGenerateAndInValidateValidSudoku[971]" time="0"/>
  <testcase classname="com.HiQ.sudokugenerator.SudokuGeneratorTest" name="testGenerateAndValidateValidSudoku[971]" time="0"/>
  <testcase classname="com.HiQ.sudokugenerator.SudokuGeneratorTest" name="testGenerateaPlaybleEasySudoku[971]" time="0"/>
  <testcase classname="com.HiQ.sudokugenerator.SudokuGeneratorTest" name="testGenerateaPlaybleHardSudoku[971]" time="0"/>
  <testcase classname="com.HiQ.sudokugenerator.SudokuGeneratorTest" name="testGenerateaPlaybleMediumSudoku[971]" time="0"/>
  <testcase classname="com.HiQ.sudokugenerator.SudokuGeneratorTest" name="testGenerateAndInValidateValidSudoku[972]" time="0"/>
  <testcase classname="com.HiQ.sudokugenerator.SudokuGeneratorTest" name="testGenerateAndValidateValidSudoku[972]" time="0"/>
  <testcase classname="com.HiQ.sudokugenerator.SudokuGeneratorTest" name="testGenerateaPlaybleEasySudoku[972]" time="0"/>
  <testcase classname="com.HiQ.sudokugenerator.SudokuGeneratorTest" name="testGenerateaPlaybleHardSudoku[972]" time="0"/>
  <testcase classname="com.HiQ.sudokugenerator.SudokuGeneratorTest" name="testGenerateaPlaybleMediumSudoku[972]" time="0"/>
  <testcase classname="com.HiQ.sudokugenerator.SudokuGeneratorTest" name="testGenerateAndInValidateValidSudoku[973]" time="0"/>
  <testcase classname="com.HiQ.sudokugenerator.SudokuGeneratorTest" name="testGenerateAndValidateValidSudoku[973]" time="0"/>
  <testcase classname="com.HiQ.sudokugenerator.SudokuGeneratorTest" name="testGenerateaPlaybleEasySudoku[973]" time="0"/>
  <testcase classname="com.HiQ.sudokugenerator.SudokuGeneratorTest" name="testGenerateaPlaybleHardSudoku[973]" time="0"/>
  <testcase classname="com.HiQ.sudokugenerator.SudokuGeneratorTest" name="testGenerateaPlaybleMediumSudoku[973]" time="0"/>
  <testcase classname="com.HiQ.sudokugenerator.SudokuGeneratorTest" name="testGenerateAndInValidateValidSudoku[974]" time="0"/>
  <testcase classname="com.HiQ.sudokugenerator.SudokuGeneratorTest" name="testGenerateAndValidateValidSudoku[974]" time="0"/>
  <testcase classname="com.HiQ.sudokugenerator.SudokuGeneratorTest" name="testGenerateaPlaybleEasySudoku[974]" time="0"/>
  <testcase classname="com.HiQ.sudokugenerator.SudokuGeneratorTest" name="testGenerateaPlaybleHardSudoku[974]" time="0"/>
  <testcase classname="com.HiQ.sudokugenerator.SudokuGeneratorTest" name="testGenerateaPlaybleMediumSudoku[974]" time="0"/>
  <testcase classname="com.HiQ.sudokugenerator.SudokuGeneratorTest" name="testGenerateAndInValidateValidSudoku[975]" time="0"/>
  <testcase classname="com.HiQ.sudokugenerator.SudokuGeneratorTest" name="testGenerateAndValidateValidSudoku[975]" time="0"/>
  <testcase classname="com.HiQ.sudokugenerator.SudokuGeneratorTest" name="testGenerateaPlaybleEasySudoku[975]" time="0.048"/>
  <testcase classname="com.HiQ.sudokugenerator.SudokuGeneratorTest" name="testGenerateaPlaybleHardSudoku[975]" time="0"/>
  <testcase classname="com.HiQ.sudokugenerator.SudokuGeneratorTest" name="testGenerateaPlaybleMediumSudoku[975]" time="0"/>
  <testcase classname="com.HiQ.sudokugenerator.SudokuGeneratorTest" name="testGenerateAndInValidateValidSudoku[976]" time="0"/>
  <testcase classname="com.HiQ.sudokugenerator.SudokuGeneratorTest" name="testGenerateAndValidateValidSudoku[976]" time="0"/>
  <testcase classname="com.HiQ.sudokugenerator.SudokuGeneratorTest" name="testGenerateaPlaybleEasySudoku[976]" time="0"/>
  <testcase classname="com.HiQ.sudokugenerator.SudokuGeneratorTest" name="testGenerateaPlaybleHardSudoku[976]" time="0"/>
  <testcase classname="com.HiQ.sudokugenerator.SudokuGeneratorTest" name="testGenerateaPlaybleMediumSudoku[976]" time="0"/>
  <testcase classname="com.HiQ.sudokugenerator.SudokuGeneratorTest" name="testGenerateAndInValidateValidSudoku[977]" time="0"/>
  <testcase classname="com.HiQ.sudokugenerator.SudokuGeneratorTest" name="testGenerateAndValidateValidSudoku[977]" time="0"/>
  <testcase classname="com.HiQ.sudokugenerator.SudokuGeneratorTest" name="testGenerateaPlaybleEasySudoku[977]" time="0"/>
  <testcase classname="com.HiQ.sudokugenerator.SudokuGeneratorTest" name="testGenerateaPlaybleHardSudoku[977]" time="0"/>
  <testcase classname="com.HiQ.sudokugenerator.SudokuGeneratorTest" name="testGenerateaPlaybleMediumSudoku[977]" time="0"/>
  <testcase classname="com.HiQ.sudokugenerator.SudokuGeneratorTest" name="testGenerateAndInValidateValidSudoku[978]" time="0"/>
  <testcase classname="com.HiQ.sudokugenerator.SudokuGeneratorTest" name="testGenerateAndValidateValidSudoku[978]" time="0"/>
  <testcase classname="com.HiQ.sudokugenerator.SudokuGeneratorTest" name="testGenerateaPlaybleEasySudoku[978]" time="0"/>
  <testcase classname="com.HiQ.sudokugenerator.SudokuGeneratorTest" name="testGenerateaPlaybleHardSudoku[978]" time="0"/>
  <testcase classname="com.HiQ.sudokugenerator.SudokuGeneratorTest" name="testGenerateaPlaybleMediumSudoku[978]" time="0"/>
  <testcase classname="com.HiQ.sudokugenerator.SudokuGeneratorTest" name="testGenerateAndInValidateValidSudoku[979]" time="0"/>
  <testcase classname="com.HiQ.sudokugenerator.SudokuGeneratorTest" name="testGenerateAndValidateValidSudoku[979]" time="0"/>
  <testcase classname="com.HiQ.sudokugenerator.SudokuGeneratorTest" name="testGenerateaPlaybleEasySudoku[979]" time="0"/>
  <testcase classname="com.HiQ.sudokugenerator.SudokuGeneratorTest" name="testGenerateaPlaybleHardSudoku[979]" time="0"/>
  <testcase classname="com.HiQ.sudokugenerator.SudokuGeneratorTest" name="testGenerateaPlaybleMediumSudoku[979]" time="0"/>
  <testcase classname="com.HiQ.sudokugenerator.SudokuGeneratorTest" name="testGenerateAndInValidateValidSudoku[980]" time="0"/>
  <testcase classname="com.HiQ.sudokugenerator.SudokuGeneratorTest" name="testGenerateAndValidateValidSudoku[980]" time="0"/>
  <testcase classname="com.HiQ.sudokugenerator.SudokuGeneratorTest" name="testGenerateaPlaybleEasySudoku[980]" time="0"/>
  <testcase classname="com.HiQ.sudokugenerator.SudokuGeneratorTest" name="testGenerateaPlaybleHardSudoku[980]" time="0"/>
  <testcase classname="com.HiQ.sudokugenerator.SudokuGeneratorTest" name="testGenerateaPlaybleMediumSudoku[980]" time="0"/>
  <testcase classname="com.HiQ.sudokugenerator.SudokuGeneratorTest" name="testGenerateAndInValidateValidSudoku[981]" time="0"/>
  <testcase classname="com.HiQ.sudokugenerator.SudokuGeneratorTest" name="testGenerateAndValidateValidSudoku[981]" time="0"/>
  <testcase classname="com.HiQ.sudokugenerator.SudokuGeneratorTest" name="testGenerateaPlaybleEasySudoku[981]" time="0"/>
  <testcase classname="com.HiQ.sudokugenerator.SudokuGeneratorTest" name="testGenerateaPlaybleHardSudoku[981]" time="0"/>
  <testcase classname="com.HiQ.sudokugenerator.SudokuGeneratorTest" name="testGenerateaPlaybleMediumSudoku[981]" time="0"/>
  <testcase classname="com.HiQ.sudokugenerator.SudokuGeneratorTest" name="testGenerateAndInValidateValidSudoku[982]" time="0"/>
  <testcase classname="com.HiQ.sudokugenerator.SudokuGeneratorTest" name="testGenerateAndValidateValidSudoku[982]" time="0"/>
  <testcase classname="com.HiQ.sudokugenerator.SudokuGeneratorTest" name="testGenerateaPlaybleEasySudoku[982]" time="0"/>
  <testcase classname="com.HiQ.sudokugenerator.SudokuGeneratorTest" name="testGenerateaPlaybleHardSudoku[982]" time="0"/>
  <testcase classname="com.HiQ.sudokugenerator.SudokuGeneratorTest" name="testGenerateaPlaybleMediumSudoku[982]" time="0"/>
  <testcase classname="com.HiQ.sudokugenerator.SudokuGeneratorTest" name="testGenerateAndInValidateValidSudoku[983]" time="0"/>
  <testcase classname="com.HiQ.sudokugenerator.SudokuGeneratorTest" name="testGenerateAndValidateValidSudoku[983]" time="0"/>
  <testcase classname="com.HiQ.sudokugenerator.SudokuGeneratorTest" name="testGenerateaPlaybleEasySudoku[983]" time="0"/>
  <testcase classname="com.HiQ.sudokugenerator.SudokuGeneratorTest" name="testGenerateaPlaybleHardSudoku[983]" time="0"/>
  <testcase classname="com.HiQ.sudokugenerator.SudokuGeneratorTest" name="testGenerateaPlaybleMediumSudoku[983]" time="0"/>
  <testcase classname="com.HiQ.sudokugenerator.SudokuGeneratorTest" name="testGenerateAndInValidateValidSudoku[984]" time="0"/>
  <testcase classname="com.HiQ.sudokugenerator.SudokuGeneratorTest" name="testGenerateAndValidateValidSudoku[984]" time="0"/>
  <testcase classname="com.HiQ.sudokugenerator.SudokuGeneratorTest" name="testGenerateaPlaybleEasySudoku[984]" time="0"/>
  <testcase classname="com.HiQ.sudokugenerator.SudokuGeneratorTest" name="testGenerateaPlaybleHardSudoku[984]" time="0"/>
  <testcase classname="com.HiQ.sudokugenerator.SudokuGeneratorTest" name="testGenerateaPlaybleMediumSudoku[984]" time="0"/>
  <testcase classname="com.HiQ.sudokugenerator.SudokuGeneratorTest" name="testGenerateAndInValidateValidSudoku[985]" time="0"/>
  <testcase classname="com.HiQ.sudokugenerator.SudokuGeneratorTest" name="testGenerateAndValidateValidSudoku[985]" time="0"/>
  <testcase classname="com.HiQ.sudokugenerator.SudokuGeneratorTest" name="testGenerateaPlaybleEasySudoku[985]" time="0"/>
  <testcase classname="com.HiQ.sudokugenerator.SudokuGeneratorTest" name="testGenerateaPlaybleHardSudoku[985]" time="0"/>
  <testcase classname="com.HiQ.sudokugenerator.SudokuGeneratorTest" name="testGenerateaPlaybleMediumSudoku[985]" time="0"/>
  <testcase classname="com.HiQ.sudokugenerator.SudokuGeneratorTest" name="testGenerateAndInValidateValidSudoku[986]" time="0"/>
  <testcase classname="com.HiQ.sudokugenerator.SudokuGeneratorTest" name="testGenerateAndValidateValidSudoku[986]" time="0"/>
  <testcase classname="com.HiQ.sudokugenerator.SudokuGeneratorTest" name="testGenerateaPlaybleEasySudoku[986]" time="0"/>
  <testcase classname="com.HiQ.sudokugenerator.SudokuGeneratorTest" name="testGenerateaPlaybleHardSudoku[986]" time="0"/>
  <testcase classname="com.HiQ.sudokugenerator.SudokuGeneratorTest" name="testGenerateaPlaybleMediumSudoku[986]" time="0"/>
  <testcase classname="com.HiQ.sudokugenerator.SudokuGeneratorTest" name="testGenerateAndInValidateValidSudoku[987]" time="0"/>
  <testcase classname="com.HiQ.sudokugenerator.SudokuGeneratorTest" name="testGenerateAndValidateValidSudoku[987]" time="0"/>
  <testcase classname="com.HiQ.sudokugenerator.SudokuGeneratorTest" name="testGenerateaPlaybleEasySudoku[987]" time="0"/>
  <testcase classname="com.HiQ.sudokugenerator.SudokuGeneratorTest" name="testGenerateaPlaybleHardSudoku[987]" time="0"/>
  <testcase classname="com.HiQ.sudokugenerator.SudokuGeneratorTest" name="testGenerateaPlaybleMediumSudoku[987]" time="0"/>
  <testcase classname="com.HiQ.sudokugenerator.SudokuGeneratorTest" name="testGenerateAndInValidateValidSudoku[988]" time="0"/>
  <testcase classname="com.HiQ.sudokugenerator.SudokuGeneratorTest" name="testGenerateAndValidateValidSudoku[988]" time="0"/>
  <testcase classname="com.HiQ.sudokugenerator.SudokuGeneratorTest" name="testGenerateaPlaybleEasySudoku[988]" time="0"/>
  <testcase classname="com.HiQ.sudokugenerator.SudokuGeneratorTest" name="testGenerateaPlaybleHardSudoku[988]" time="0"/>
  <testcase classname="com.HiQ.sudokugenerator.SudokuGeneratorTest" name="testGenerateaPlaybleMediumSudoku[988]" time="0"/>
  <testcase classname="com.HiQ.sudokugenerator.SudokuGeneratorTest" name="testGenerateAndInValidateValidSudoku[989]" time="0"/>
  <testcase classname="com.HiQ.sudokugenerator.SudokuGeneratorTest" name="testGenerateAndValidateValidSudoku[989]" time="0"/>
  <testcase classname="com.HiQ.sudokugenerator.SudokuGeneratorTest" name="testGenerateaPlaybleEasySudoku[989]" time="0"/>
  <testcase classname="com.HiQ.sudokugenerator.SudokuGeneratorTest" name="testGenerateaPlaybleHardSudoku[989]" time="0.001"/>
  <testcase classname="com.HiQ.sudokugenerator.SudokuGeneratorTest" name="testGenerateaPlaybleMediumSudoku[989]" time="0"/>
  <testcase classname="com.HiQ.sudokugenerator.SudokuGeneratorTest" name="testGenerateAndInValidateValidSudoku[990]" time="0"/>
  <testcase classname="com.HiQ.sudokugenerator.SudokuGeneratorTest" name="testGenerateAndValidateValidSudoku[990]" time="0"/>
  <testcase classname="com.HiQ.sudokugenerator.SudokuGeneratorTest" name="testGenerateaPlaybleEasySudoku[990]" time="0"/>
  <testcase classname="com.HiQ.sudokugenerator.SudokuGeneratorTest" name="testGenerateaPlaybleHardSudoku[990]" time="0"/>
  <testcase classname="com.HiQ.sudokugenerator.SudokuGeneratorTest" name="testGenerateaPlaybleMediumSudoku[990]" time="0"/>
  <testcase classname="com.HiQ.sudokugenerator.SudokuGeneratorTest" name="testGenerateAndInValidateValidSudoku[991]" time="0"/>
  <testcase classname="com.HiQ.sudokugenerator.SudokuGeneratorTest" name="testGenerateAndValidateValidSudoku[991]" time="0"/>
  <testcase classname="com.HiQ.sudokugenerator.SudokuGeneratorTest" name="testGenerateaPlaybleEasySudoku[991]" time="0"/>
  <testcase classname="com.HiQ.sudokugenerator.SudokuGeneratorTest" name="testGenerateaPlaybleHardSudoku[991]" time="0"/>
  <testcase classname="com.HiQ.sudokugenerator.SudokuGeneratorTest" name="testGenerateaPlaybleMediumSudoku[991]" time="0"/>
  <testcase classname="com.HiQ.sudokugenerator.SudokuGeneratorTest" name="testGenerateAndInValidateValidSudoku[992]" time="0"/>
  <testcase classname="com.HiQ.sudokugenerator.SudokuGeneratorTest" name="testGenerateAndValidateValidSudoku[992]" time="0"/>
  <testcase classname="com.HiQ.sudokugenerator.SudokuGeneratorTest" name="testGenerateaPlaybleEasySudoku[992]" time="0"/>
  <testcase classname="com.HiQ.sudokugenerator.SudokuGeneratorTest" name="testGenerateaPlaybleHardSudoku[992]" time="0"/>
  <testcase classname="com.HiQ.sudokugenerator.SudokuGeneratorTest" name="testGenerateaPlaybleMediumSudoku[992]" time="0"/>
  <testcase classname="com.HiQ.sudokugenerator.SudokuGeneratorTest" name="testGenerateAndInValidateValidSudoku[993]" time="0"/>
  <testcase classname="com.HiQ.sudokugenerator.SudokuGeneratorTest" name="testGenerateAndValidateValidSudoku[993]" time="0"/>
  <testcase classname="com.HiQ.sudokugenerator.SudokuGeneratorTest" name="testGenerateaPlaybleEasySudoku[993]" time="0"/>
  <testcase classname="com.HiQ.sudokugenerator.SudokuGeneratorTest" name="testGenerateaPlaybleHardSudoku[993]" time="0"/>
  <testcase classname="com.HiQ.sudokugenerator.SudokuGeneratorTest" name="testGenerateaPlaybleMediumSudoku[993]" time="0"/>
  <testcase classname="com.HiQ.sudokugenerator.SudokuGeneratorTest" name="testGenerateAndInValidateValidSudoku[994]" time="0"/>
  <testcase classname="com.HiQ.sudokugenerator.SudokuGeneratorTest" name="testGenerateAndValidateValidSudoku[994]" time="0"/>
  <testcase classname="com.HiQ.sudokugenerator.SudokuGeneratorTest" name="testGenerateaPlaybleEasySudoku[994]" time="0"/>
  <testcase classname="com.HiQ.sudokugenerator.SudokuGeneratorTest" name="testGenerateaPlaybleHardSudoku[994]" time="0"/>
  <testcase classname="com.HiQ.sudokugenerator.SudokuGeneratorTest" name="testGenerateaPlaybleMediumSudoku[994]" time="0"/>
  <testcase classname="com.HiQ.sudokugenerator.SudokuGeneratorTest" name="testGenerateAndInValidateValidSudoku[995]" time="0"/>
  <testcase classname="com.HiQ.sudokugenerator.SudokuGeneratorTest" name="testGenerateAndValidateValidSudoku[995]" time="0"/>
  <testcase classname="com.HiQ.sudokugenerator.SudokuGeneratorTest" name="testGenerateaPlaybleEasySudoku[995]" time="0"/>
  <testcase classname="com.HiQ.sudokugenerator.SudokuGeneratorTest" name="testGenerateaPlaybleHardSudoku[995]" time="0"/>
  <testcase classname="com.HiQ.sudokugenerator.SudokuGeneratorTest" name="testGenerateaPlaybleMediumSudoku[995]" time="0"/>
  <testcase classname="com.HiQ.sudokugenerator.SudokuGeneratorTest" name="testGenerateAndInValidateValidSudoku[996]" time="0"/>
  <testcase classname="com.HiQ.sudokugenerator.SudokuGeneratorTest" name="testGenerateAndValidateValidSudoku[996]" time="0"/>
  <testcase classname="com.HiQ.sudokugenerator.SudokuGeneratorTest" name="testGenerateaPlaybleEasySudoku[996]" time="0"/>
  <testcase classname="com.HiQ.sudokugenerator.SudokuGeneratorTest" name="testGenerateaPlaybleHardSudoku[996]" time="0"/>
  <testcase classname="com.HiQ.sudokugenerator.SudokuGeneratorTest" name="testGenerateaPlaybleMediumSudoku[996]" time="0"/>
  <testcase classname="com.HiQ.sudokugenerator.SudokuGeneratorTest" name="testGenerateAndInValidateValidSudoku[997]" time="0"/>
  <testcase classname="com.HiQ.sudokugenerator.SudokuGeneratorTest" name="testGenerateAndValidateValidSudoku[997]" time="0"/>
  <testcase classname="com.HiQ.sudokugenerator.SudokuGeneratorTest" name="testGenerateaPlaybleEasySudoku[997]" time="0"/>
  <testcase classname="com.HiQ.sudokugenerator.SudokuGeneratorTest" name="testGenerateaPlaybleHardSudoku[997]" time="0"/>
  <testcase classname="com.HiQ.sudokugenerator.SudokuGeneratorTest" name="testGenerateaPlaybleMediumSudoku[997]" time="0"/>
  <testcase classname="com.HiQ.sudokugenerator.SudokuGeneratorTest" name="testGenerateAndInValidateValidSudoku[998]" time="0"/>
  <testcase classname="com.HiQ.sudokugenerator.SudokuGeneratorTest" name="testGenerateAndValidateValidSudoku[998]" time="0"/>
  <testcase classname="com.HiQ.sudokugenerator.SudokuGeneratorTest" name="testGenerateaPlaybleEasySudoku[998]" time="0"/>
  <testcase classname="com.HiQ.sudokugenerator.SudokuGeneratorTest" name="testGenerateaPlaybleHardSudoku[998]" time="0"/>
  <testcase classname="com.HiQ.sudokugenerator.SudokuGeneratorTest" name="testGenerateaPlaybleMediumSudoku[998]" time="0"/>
  <testcase classname="com.HiQ.sudokugenerator.SudokuGeneratorTest" name="testGenerateAndInValidateValidSudoku[999]" time="0"/>
  <testcase classname="com.HiQ.sudokugenerator.SudokuGeneratorTest" name="testGenerateAndValidateValidSudoku[999]" time="0"/>
  <testcase classname="com.HiQ.sudokugenerator.SudokuGeneratorTest" name="testGenerateaPlaybleEasySudoku[999]" time="0"/>
  <testcase classname="com.HiQ.sudokugenerator.SudokuGeneratorTest" name="testGenerateaPlaybleHardSudoku[999]" time="0"/>
  <testcase classname="com.HiQ.sudokugenerator.SudokuGeneratorTest" name="testGenerateaPlaybleMediumSudoku[999]" time="0"/>
</testsuite>